======================================================================
全市场 ETF 完整 7 大因子筛选 v5.0（分批版）
时间：2026-03-28 16:51:38
======================================================================
从 /home/admin/openclaw/workspace/etf_data_cache 加载 ETF 代码...
✅ 加载 608 只 ETF

总 ETF 数：608只
分批：21批，每批30只，间隔60秒
预计耗时：20.0分钟
[2026-03-28 16:51:38] 
======================================================================
[2026-03-28 16:51:38] 处理批次 1/21 (30只 ETF)
[2026-03-28 16:51:38] ======================================================================
[2026-03-28 16:51:38]   1. 估值因子（真实 PE/PB/股息率）...
[2026-03-28 16:51:38] 计算估值因子（真实数据，Z-Score 标准化）...
[2026-03-28 16:51:39]     ✅ 完成 30只
[2026-03-28 16:51:39]   2. 动量因子...
[2026-03-28 16:51:39] 计算动量因子...
[2026-03-28 16:51:39]     ✅ 完成 0只
[2026-03-28 16:51:39]   3. 波动因子...
[2026-03-28 16:51:39] 计算波动因子...
[2026-03-28 16:51:39]     ✅ 完成 0只
[2026-03-28 16:51:39]   4. 技术因子（真实 RSI/MACD/KDJ）...
[2026-03-28 16:51:39] 计算技术因子（真实数据）...
[2026-03-28 16:52:08]     ✅ 完成 30只
[2026-03-28 16:52:08]   5. 资金因子（真实份额变化）...
[2026-03-28 16:52:08] 计算资金因子（真实数据，Z-Score 标准化）...
[2026-03-28 16:52:12]     ✅ 完成 30只
[2026-03-28 16:52:12]   6. 流动性因子...
[2026-03-28 16:52:12] 计算流动性因子...
[2026-03-28 16:52:12]     ✅ 完成 30只
[2026-03-28 16:52:12]   7. ETF 特有因子...
[2026-03-28 16:52:12] 计算 ETF 特有因子...
[2026-03-28 16:52:12]     ✅ 完成 30只
[2026-03-28 16:52:12]   8. 计算综合评分...
[2026-03-28 16:52:12] 计算综合评分（市场状态：sideways，包含 7 大因子）...
[2026-03-28 16:52:12] 使用动态权重（市场状态：sideways）: {'valuation': 0.25, 'momentum': 0.25, 'volatility': 0.2, 'technical': 0.2, 'fund_flow': 0.1}
[2026-03-28 16:52:12] 行业中性化处理...

⏳ 等待60秒（避免 Tushare 速率限制）...
[2026-03-28 16:53:13] 
======================================================================
[2026-03-28 16:53:13] 处理批次 2/21 (30只 ETF)
[2026-03-28 16:53:13] ======================================================================
[2026-03-28 16:53:13]   1. 估值因子（真实 PE/PB/股息率）...
[2026-03-28 16:53:13] 计算估值因子（真实数据，Z-Score 标准化）...
[2026-03-28 16:53:14]     ✅ 完成 30只
[2026-03-28 16:53:14]   2. 动量因子...
[2026-03-28 16:53:14] 计算动量因子...
[2026-03-28 16:53:14]     ✅ 完成 0只
[2026-03-28 16:53:14]   3. 波动因子...
[2026-03-28 16:53:14] 计算波动因子...
[2026-03-28 16:53:14]     ✅ 完成 0只
[2026-03-28 16:53:14]   4. 技术因子（真实 RSI/MACD/KDJ）...
[2026-03-28 16:53:14] 计算技术因子（真实数据）...
[2026-03-28 16:53:23]     ✅ 完成 30只
[2026-03-28 16:53:23]   5. 资金因子（真实份额变化）...
[2026-03-28 16:53:23] 计算资金因子（真实数据，Z-Score 标准化）...
[2026-03-28 16:53:26]     ✅ 完成 30只
[2026-03-28 16:53:26]   6. 流动性因子...
[2026-03-28 16:53:26] 计算流动性因子...
[2026-03-28 16:53:26]     ✅ 完成 30只
[2026-03-28 16:53:26]   7. ETF 特有因子...
[2026-03-28 16:53:26] 计算 ETF 特有因子...
[2026-03-28 16:53:26]     ✅ 完成 30只
[2026-03-28 16:53:26]   8. 计算综合评分...
[2026-03-28 16:53:26] 计算综合评分（市场状态：sideways，包含 7 大因子）...
[2026-03-28 16:53:26] 使用动态权重（市场状态：sideways）: {'valuation': 0.25, 'momentum': 0.25, 'volatility': 0.2, 'technical': 0.2, 'fund_flow': 0.1, 'liquidity': 0.1, 'etf_specific': 0.1}
[2026-03-28 16:53:26] 行业中性化处理...

⏳ 等待60秒（避免 Tushare 速率限制）...
[2026-03-28 16:54:27] 
======================================================================
[2026-03-28 16:54:27] 处理批次 3/21 (30只 ETF)
[2026-03-28 16:54:27] ======================================================================
[2026-03-28 16:54:27]   1. 估值因子（真实 PE/PB/股息率）...
[2026-03-28 16:54:27] 计算估值因子（真实数据，Z-Score 标准化）...
[2026-03-28 16:54:27]     ✅ 完成 30只
[2026-03-28 16:54:27]   2. 动量因子...
[2026-03-28 16:54:27] 计算动量因子...
[2026-03-28 16:54:27]     ✅ 完成 0只
[2026-03-28 16:54:27]   3. 波动因子...
[2026-03-28 16:54:27] 计算波动因子...
[2026-03-28 16:54:27]     ✅ 完成 0只
[2026-03-28 16:54:27]   4. 技术因子（真实 RSI/MACD/KDJ）...
[2026-03-28 16:54:27] 计算技术因子（真实数据）...
[2026-03-28 16:54:58]     ✅ 完成 30只
[2026-03-28 16:54:58]   5. 资金因子（真实份额变化）...
[2026-03-28 16:54:58] 计算资金因子（真实数据，Z-Score 标准化）...
[2026-03-28 16:55:02]     ✅ 完成 30只
[2026-03-28 16:55:02]   6. 流动性因子...
[2026-03-28 16:55:02] 计算流动性因子...
[2026-03-28 16:55:02]     ✅ 完成 30只
[2026-03-28 16:55:02]   7. ETF 特有因子...
[2026-03-28 16:55:02] 计算 ETF 特有因子...
[2026-03-28 16:55:02]     ✅ 完成 30只
[2026-03-28 16:55:02]   8. 计算综合评分...
[2026-03-28 16:55:02] 计算综合评分（市场状态：sideways，包含 7 大因子）...
[2026-03-28 16:55:02] 使用动态权重（市场状态：sideways）: {'valuation': 0.25, 'momentum': 0.25, 'volatility': 0.2, 'technical': 0.2, 'fund_flow': 0.1, 'liquidity': 0.1, 'etf_specific': 0.1}
[2026-03-28 16:55:02] 行业中性化处理...

⏳ 等待60秒（避免 Tushare 速率限制）...
[2026-03-28 16:56:02] 
======================================================================
[2026-03-28 16:56:02] 处理批次 4/21 (30只 ETF)
[2026-03-28 16:56:02] ======================================================================
[2026-03-28 16:56:02]   1. 估值因子（真实 PE/PB/股息率）...
[2026-03-28 16:56:02] 计算估值因子（真实数据，Z-Score 标准化）...
[2026-03-28 16:56:03]     ✅ 完成 30只
[2026-03-28 16:56:03]   2. 动量因子...
[2026-03-28 16:56:03] 计算动量因子...
[2026-03-28 16:56:03]     ✅ 完成 0只
[2026-03-28 16:56:03]   3. 波动因子...
[2026-03-28 16:56:03] 计算波动因子...
[2026-03-28 16:56:03]     ✅ 完成 0只
[2026-03-28 16:56:03]   4. 技术因子（真实 RSI/MACD/KDJ）...
[2026-03-28 16:56:03] 计算技术因子（真实数据）...
[2026-03-28 16:56:14]     ✅ 完成 30只
[2026-03-28 16:56:14]   5. 资金因子（真实份额变化）...
[2026-03-28 16:56:14] 计算资金因子（真实数据，Z-Score 标准化）...
[2026-03-28 16:56:18]     ✅ 完成 30只
[2026-03-28 16:56:18]   6. 流动性因子...
[2026-03-28 16:56:18] 计算流动性因子...
[2026-03-28 16:56:18]     ✅ 完成 30只
[2026-03-28 16:56:18]   7. ETF 特有因子...
[2026-03-28 16:56:18] 计算 ETF 特有因子...
[2026-03-28 16:56:18]     ✅ 完成 30只
[2026-03-28 16:56:18]   8. 计算综合评分...
[2026-03-28 16:56:18] 计算综合评分（市场状态：sideways，包含 7 大因子）...
[2026-03-28 16:56:18] 使用动态权重（市场状态：sideways）: {'valuation': 0.25, 'momentum': 0.25, 'volatility': 0.2, 'technical': 0.2, 'fund_flow': 0.1, 'liquidity': 0.1, 'etf_specific': 0.1}
[2026-03-28 16:56:18] 行业中性化处理...

⏳ 等待60秒（避免 Tushare 速率限制）...
[2026-03-28 16:57:18] 
======================================================================
[2026-03-28 16:57:18] 处理批次 5/21 (30只 ETF)
[2026-03-28 16:57:18] ======================================================================
[2026-03-28 16:57:18]   1. 估值因子（真实 PE/PB/股息率）...
[2026-03-28 16:57:18] 计算估值因子（真实数据，Z-Score 标准化）...
[2026-03-28 16:57:19]     ✅ 完成 30只
[2026-03-28 16:57:19]   2. 动量因子...
[2026-03-28 16:57:19] 计算动量因子...
[2026-03-28 16:57:19]     ✅ 完成 0只
[2026-03-28 16:57:19]   3. 波动因子...
[2026-03-28 16:57:19] 计算波动因子...
[2026-03-28 16:57:19]     ✅ 完成 0只
[2026-03-28 16:57:19]   4. 技术因子（真实 RSI/MACD/KDJ）...
[2026-03-28 16:57:19] 计算技术因子（真实数据）...
[2026-03-28 16:57:26]     ✅ 完成 30只
[2026-03-28 16:57:26]   5. 资金因子（真实份额变化）...
[2026-03-28 16:57:26] 计算资金因子（真实数据，Z-Score 标准化）...
[2026-03-28 16:57:30]     ✅ 完成 30只
[2026-03-28 16:57:30]   6. 流动性因子...
[2026-03-28 16:57:30] 计算流动性因子...
[2026-03-28 16:57:30]     ✅ 完成 30只
[2026-03-28 16:57:30]   7. ETF 特有因子...
[2026-03-28 16:57:30] 计算 ETF 特有因子...
[2026-03-28 16:57:30]     ✅ 完成 30只
[2026-03-28 16:57:30]   8. 计算综合评分...
[2026-03-28 16:57:30] 计算综合评分（市场状态：sideways，包含 7 大因子）...
[2026-03-28 16:57:30] 使用动态权重（市场状态：sideways）: {'valuation': 0.25, 'momentum': 0.25, 'volatility': 0.2, 'technical': 0.2, 'fund_flow': 0.1, 'liquidity': 0.1, 'etf_specific': 0.1}
[2026-03-28 16:57:30] 行业中性化处理...

⏳ 等待60秒（避免 Tushare 速率限制）...
[2026-03-28 16:58:30] 
======================================================================
[2026-03-28 16:58:30] 处理批次 6/21 (30只 ETF)
[2026-03-28 16:58:30] ======================================================================
[2026-03-28 16:58:30]   1. 估值因子（真实 PE/PB/股息率）...
[2026-03-28 16:58:30] 计算估值因子（真实数据，Z-Score 标准化）...
[2026-03-28 16:58:31]     ✅ 完成 30只
[2026-03-28 16:58:31]   2. 动量因子...
[2026-03-28 16:58:31] 计算动量因子...
[2026-03-28 16:58:31]     ✅ 完成 0只
[2026-03-28 16:58:31]   3. 波动因子...
[2026-03-28 16:58:31] 计算波动因子...
[2026-03-28 16:58:31]     ✅ 完成 0只
[2026-03-28 16:58:31]   4. 技术因子（真实 RSI/MACD/KDJ）...
[2026-03-28 16:58:31] 计算技术因子（真实数据）...
[2026-03-28 16:58:38]     ✅ 完成 30只
[2026-03-28 16:58:38]   5. 资金因子（真实份额变化）...
[2026-03-28 16:58:38] 计算资金因子（真实数据，Z-Score 标准化）...
[2026-03-28 16:58:42]     ✅ 完成 30只
[2026-03-28 16:58:42]   6. 流动性因子...
[2026-03-28 16:58:42] 计算流动性因子...
[2026-03-28 16:58:42]     ✅ 完成 30只
[2026-03-28 16:58:42]   7. ETF 特有因子...
[2026-03-28 16:58:42] 计算 ETF 特有因子...
[2026-03-28 16:58:42]     ✅ 完成 30只
[2026-03-28 16:58:42]   8. 计算综合评分...
[2026-03-28 16:58:42] 计算综合评分（市场状态：sideways，包含 7 大因子）...
[2026-03-28 16:58:42] 使用动态权重（市场状态：sideways）: {'valuation': 0.25, 'momentum': 0.25, 'volatility': 0.2, 'technical': 0.2, 'fund_flow': 0.1, 'liquidity': 0.1, 'etf_specific': 0.1}
[2026-03-28 16:58:42] 行业中性化处理...

⏳ 等待60秒（避免 Tushare 速率限制）...
[2026-03-28 16:59:42] 
======================================================================
[2026-03-28 16:59:42] 处理批次 7/21 (30只 ETF)
[2026-03-28 16:59:42] ======================================================================
[2026-03-28 16:59:42]   1. 估值因子（真实 PE/PB/股息率）...
[2026-03-28 16:59:42] 计算估值因子（真实数据，Z-Score 标准化）...
[2026-03-28 16:59:43]     ✅ 完成 30只
[2026-03-28 16:59:43]   2. 动量因子...
[2026-03-28 16:59:43] 计算动量因子...
[2026-03-28 16:59:43]     ✅ 完成 0只
[2026-03-28 16:59:43]   3. 波动因子...
[2026-03-28 16:59:43] 计算波动因子...
[2026-03-28 16:59:43]     ✅ 完成 0只
[2026-03-28 16:59:43]   4. 技术因子（真实 RSI/MACD/KDJ）...
[2026-03-28 16:59:43] 计算技术因子（真实数据）...
[2026-03-28 17:00:18]     ✅ 完成 30只
[2026-03-28 17:00:18]   5. 资金因子（真实份额变化）...
[2026-03-28 17:00:18] 计算资金因子（真实数据，Z-Score 标准化）...
[2026-03-28 17:00:22]     ✅ 完成 30只
[2026-03-28 17:00:22]   6. 流动性因子...
[2026-03-28 17:00:22] 计算流动性因子...
[2026-03-28 17:00:22]     ✅ 完成 30只
[2026-03-28 17:00:22]   7. ETF 特有因子...
[2026-03-28 17:00:22] 计算 ETF 特有因子...
[2026-03-28 17:00:22]     ✅ 完成 30只
[2026-03-28 17:00:22]   8. 计算综合评分...
[2026-03-28 17:00:22] 计算综合评分（市场状态：sideways，包含 7 大因子）...
[2026-03-28 17:00:22] 使用动态权重（市场状态：sideways）: {'valuation': 0.25, 'momentum': 0.25, 'volatility': 0.2, 'technical': 0.2, 'fund_flow': 0.1, 'liquidity': 0.1, 'etf_specific': 0.1}
[2026-03-28 17:00:22] 行业中性化处理...

⏳ 等待60秒（避免 Tushare 速率限制）...
[2026-03-28 17:01:22] 
======================================================================
[2026-03-28 17:01:22] 处理批次 8/21 (30只 ETF)
[2026-03-28 17:01:22] ======================================================================
[2026-03-28 17:01:22]   1. 估值因子（真实 PE/PB/股息率）...
[2026-03-28 17:01:22] 计算估值因子（真实数据，Z-Score 标准化）...
[2026-03-28 17:01:23]     ✅ 完成 30只
[2026-03-28 17:01:23]   2. 动量因子...
[2026-03-28 17:01:23] 计算动量因子...
[2026-03-28 17:01:23]     ✅ 完成 0只
[2026-03-28 17:01:23]   3. 波动因子...
[2026-03-28 17:01:23] 计算波动因子...
[2026-03-28 17:01:23]     ✅ 完成 0只
[2026-03-28 17:01:23]   4. 技术因子（真实 RSI/MACD/KDJ）...
[2026-03-28 17:01:23] 计算技术因子（真实数据）...
[2026-03-28 17:02:37] ⚠️ 获取基金技术因子失败：HTTPConnectionPool(host='api.waditu.com', port=80): Read timed out. (read timeout=30)
[2026-03-28 17:02:37]     ✅ 完成 30只
[2026-03-28 17:02:37]   5. 资金因子（真实份额变化）...
[2026-03-28 17:02:37] 计算资金因子（真实数据，Z-Score 标准化）...
[2026-03-28 17:02:41]     ✅ 完成 30只
[2026-03-28 17:02:41]   6. 流动性因子...
[2026-03-28 17:02:41] 计算流动性因子...
[2026-03-28 17:02:41]     ✅ 完成 30只
[2026-03-28 17:02:41]   7. ETF 特有因子...
[2026-03-28 17:02:41] 计算 ETF 特有因子...
[2026-03-28 17:02:41]     ✅ 完成 30只
[2026-03-28 17:02:41]   8. 计算综合评分...
[2026-03-28 17:02:41] 计算综合评分（市场状态：sideways，包含 7 大因子）...
[2026-03-28 17:02:41] 使用动态权重（市场状态：sideways）: {'valuation': 0.25, 'momentum': 0.25, 'volatility': 0.2, 'technical': 0.2, 'fund_flow': 0.1, 'liquidity': 0.1, 'etf_specific': 0.1}
[2026-03-28 17:02:41] 行业中性化处理...

⏳ 等待60秒（避免 Tushare 速率限制）...
[2026-03-28 17:03:41] 
======================================================================
[2026-03-28 17:03:41] 处理批次 9/21 (30只 ETF)
[2026-03-28 17:03:41] ======================================================================
[2026-03-28 17:03:41]   1. 估值因子（真实 PE/PB/股息率）...
[2026-03-28 17:03:41] 计算估值因子（真实数据，Z-Score 标准化）...
[2026-03-28 17:03:42]     ✅ 完成 30只
[2026-03-28 17:03:42]   2. 动量因子...
[2026-03-28 17:03:42] 计算动量因子...
[2026-03-28 17:03:42]     ✅ 完成 0只
[2026-03-28 17:03:42]   3. 波动因子...
[2026-03-28 17:03:42] 计算波动因子...
[2026-03-28 17:03:42]     ✅ 完成 0只
[2026-03-28 17:03:42]   4. 技术因子（真实 RSI/MACD/KDJ）...
[2026-03-28 17:03:42] 计算技术因子（真实数据）...
[2026-03-28 17:03:51]     ✅ 完成 30只
[2026-03-28 17:03:51]   5. 资金因子（真实份额变化）...
[2026-03-28 17:03:51] 计算资金因子（真实数据，Z-Score 标准化）...
[2026-03-28 17:03:55]     ✅ 完成 30只
[2026-03-28 17:03:55]   6. 流动性因子...
[2026-03-28 17:03:55] 计算流动性因子...
[2026-03-28 17:03:55]     ✅ 完成 30只
[2026-03-28 17:03:55]   7. ETF 特有因子...
[2026-03-28 17:03:55] 计算 ETF 特有因子...
[2026-03-28 17:03:55]     ✅ 完成 30只
[2026-03-28 17:03:55]   8. 计算综合评分...
[2026-03-28 17:03:55] 计算综合评分（市场状态：sideways，包含 7 大因子）...
[2026-03-28 17:03:55] 使用动态权重（市场状态：sideways）: {'valuation': 0.25, 'momentum': 0.25, 'volatility': 0.2, 'technical': 0.2, 'fund_flow': 0.1, 'liquidity': 0.1, 'etf_specific': 0.1}
[2026-03-28 17:03:55] 行业中性化处理...

⏳ 等待60秒（避免 Tushare 速率限制）...
[2026-03-28 17:04:56] 
======================================================================
[2026-03-28 17:04:56] 处理批次 10/21 (30只 ETF)
[2026-03-28 17:04:56] ======================================================================
[2026-03-28 17:04:56]   1. 估值因子（真实 PE/PB/股息率）...
[2026-03-28 17:04:56] 计算估值因子（真实数据，Z-Score 标准化）...
[2026-03-28 17:04:56]     ✅ 完成 30只
[2026-03-28 17:04:56]   2. 动量因子...
[2026-03-28 17:04:56] 计算动量因子...
[2026-03-28 17:04:56]     ✅ 完成 0只
[2026-03-28 17:04:56]   3. 波动因子...
[2026-03-28 17:04:56] 计算波动因子...
[2026-03-28 17:04:56]     ✅ 完成 0只
[2026-03-28 17:04:56]   4. 技术因子（真实 RSI/MACD/KDJ）...
[2026-03-28 17:04:56] 计算技术因子（真实数据）...
[2026-03-28 17:04:59]     ✅ 完成 30只
[2026-03-28 17:04:59]   5. 资金因子（真实份额变化）...
[2026-03-28 17:04:59] 计算资金因子（真实数据，Z-Score 标准化）...
[2026-03-28 17:05:04]     ✅ 完成 30只
[2026-03-28 17:05:04]   6. 流动性因子...
[2026-03-28 17:05:04] 计算流动性因子...
[2026-03-28 17:05:04]     ✅ 完成 30只
[2026-03-28 17:05:04]   7. ETF 特有因子...
[2026-03-28 17:05:04] 计算 ETF 特有因子...
[2026-03-28 17:05:04]     ✅ 完成 30只
[2026-03-28 17:05:04]   8. 计算综合评分...
[2026-03-28 17:05:04] 计算综合评分（市场状态：sideways，包含 7 大因子）...
[2026-03-28 17:05:04] 使用动态权重（市场状态：sideways）: {'valuation': 0.25, 'momentum': 0.25, 'volatility': 0.2, 'technical': 0.2, 'fund_flow': 0.1, 'liquidity': 0.1, 'etf_specific': 0.1}
[2026-03-28 17:05:04] 行业中性化处理...

⏳ 等待60秒（避免 Tushare 速率限制）...
[2026-03-28 17:06:04] 
======================================================================
[2026-03-28 17:06:04] 处理批次 11/21 (30只 ETF)
[2026-03-28 17:06:04] ======================================================================
[2026-03-28 17:06:04]   1. 估值因子（真实 PE/PB/股息率）...
[2026-03-28 17:06:04] 计算估值因子（真实数据，Z-Score 标准化）...
[2026-03-28 17:06:05]     ✅ 完成 30只
[2026-03-28 17:06:05]   2. 动量因子...
[2026-03-28 17:06:05] 计算动量因子...
[2026-03-28 17:06:05]     ✅ 完成 0只
[2026-03-28 17:06:05]   3. 波动因子...
[2026-03-28 17:06:05] 计算波动因子...
[2026-03-28 17:06:05]     ✅ 完成 0只
[2026-03-28 17:06:05]   4. 技术因子（真实 RSI/MACD/KDJ）...
[2026-03-28 17:06:05] 计算技术因子（真实数据）...
[2026-03-28 17:06:08]     ✅ 完成 30只
[2026-03-28 17:06:08]   5. 资金因子（真实份额变化）...
[2026-03-28 17:06:08] 计算资金因子（真实数据，Z-Score 标准化）...
[2026-03-28 17:06:12]     ✅ 完成 30只
[2026-03-28 17:06:12]   6. 流动性因子...
[2026-03-28 17:06:12] 计算流动性因子...
[2026-03-28 17:06:12]     ✅ 完成 30只
[2026-03-28 17:06:12]   7. ETF 特有因子...
[2026-03-28 17:06:12] 计算 ETF 特有因子...
[2026-03-28 17:06:12]     ✅ 完成 30只
[2026-03-28 17:06:12]   8. 计算综合评分...
[2026-03-28 17:06:12] 计算综合评分（市场状态：sideways，包含 7 大因子）...
[2026-03-28 17:06:12] 使用动态权重（市场状态：sideways）: {'valuation': 0.25, 'momentum': 0.25, 'volatility': 0.2, 'technical': 0.2, 'fund_flow': 0.1, 'liquidity': 0.1, 'etf_specific': 0.1}
[2026-03-28 17:06:12] 行业中性化处理...

⏳ 等待60秒（避免 Tushare 速率限制）...
[2026-03-28 17:07:12] 
======================================================================
[2026-03-28 17:07:12] 处理批次 12/21 (30只 ETF)
[2026-03-28 17:07:12] ======================================================================
[2026-03-28 17:07:12]   1. 估值因子（真实 PE/PB/股息率）...
[2026-03-28 17:07:12] 计算估值因子（真实数据，Z-Score 标准化）...
[2026-03-28 17:07:13]     ✅ 完成 30只
[2026-03-28 17:07:13]   2. 动量因子...
[2026-03-28 17:07:13] 计算动量因子...
[2026-03-28 17:07:13]     ✅ 完成 0只
[2026-03-28 17:07:13]   3. 波动因子...
[2026-03-28 17:07:13] 计算波动因子...
[2026-03-28 17:07:13]     ✅ 完成 0只
[2026-03-28 17:07:13]   4. 技术因子（真实 RSI/MACD/KDJ）...
[2026-03-28 17:07:13] 计算技术因子（真实数据）...
[2026-03-28 17:07:16]     ✅ 完成 30只
[2026-03-28 17:07:16]   5. 资金因子（真实份额变化）...
[2026-03-28 17:07:16] 计算资金因子（真实数据，Z-Score 标准化）...
[2026-03-28 17:07:20]     ✅ 完成 30只
[2026-03-28 17:07:20]   6. 流动性因子...
[2026-03-28 17:07:20] 计算流动性因子...
[2026-03-28 17:07:20]     ✅ 完成 30只
[2026-03-28 17:07:20]   7. ETF 特有因子...
[2026-03-28 17:07:20] 计算 ETF 特有因子...
[2026-03-28 17:07:20]     ✅ 完成 30只
[2026-03-28 17:07:20]   8. 计算综合评分...
[2026-03-28 17:07:20] 计算综合评分（市场状态：sideways，包含 7 大因子）...
[2026-03-28 17:07:20] 使用动态权重（市场状态：sideways）: {'valuation': 0.25, 'momentum': 0.25, 'volatility': 0.2, 'technical': 0.2, 'fund_flow': 0.1, 'liquidity': 0.1, 'etf_specific': 0.1}
[2026-03-28 17:07:20] 行业中性化处理...

⏳ 等待60秒（避免 Tushare 速率限制）...
[2026-03-28 17:08:20] 
======================================================================
[2026-03-28 17:08:20] 处理批次 13/21 (30只 ETF)
[2026-03-28 17:08:20] ======================================================================
[2026-03-28 17:08:20]   1. 估值因子（真实 PE/PB/股息率）...
[2026-03-28 17:08:20] 计算估值因子（真实数据，Z-Score 标准化）...
[2026-03-28 17:08:21]     ✅ 完成 30只
[2026-03-28 17:08:21]   2. 动量因子...
[2026-03-28 17:08:21] 计算动量因子...
[2026-03-28 17:08:21]     ✅ 完成 0只
[2026-03-28 17:08:21]   3. 波动因子...
[2026-03-28 17:08:21] 计算波动因子...
[2026-03-28 17:08:21]     ✅ 完成 0只
[2026-03-28 17:08:21]   4. 技术因子（真实 RSI/MACD/KDJ）...
[2026-03-28 17:08:21] 计算技术因子（真实数据）...
[2026-03-28 17:08:24]     ✅ 完成 30只
[2026-03-28 17:08:24]   5. 资金因子（真实份额变化）...
[2026-03-28 17:08:24] 计算资金因子（真实数据，Z-Score 标准化）...
[2026-03-28 17:08:29]     ✅ 完成 30只
[2026-03-28 17:08:29]   6. 流动性因子...
[2026-03-28 17:08:29] 计算流动性因子...
[2026-03-28 17:08:29]     ✅ 完成 30只
[2026-03-28 17:08:29]   7. ETF 特有因子...
[2026-03-28 17:08:29] 计算 ETF 特有因子...
[2026-03-28 17:08:29]     ✅ 完成 30只
[2026-03-28 17:08:29]   8. 计算综合评分...
[2026-03-28 17:08:29] 计算综合评分（市场状态：sideways，包含 7 大因子）...
[2026-03-28 17:08:29] 使用动态权重（市场状态：sideways）: {'valuation': 0.25, 'momentum': 0.25, 'volatility': 0.2, 'technical': 0.2, 'fund_flow': 0.1, 'liquidity': 0.1, 'etf_specific': 0.1}
[2026-03-28 17:08:29] 行业中性化处理...

⏳ 等待60秒（避免 Tushare 速率限制）...
[2026-03-28 17:09:29] 
======================================================================
[2026-03-28 17:09:29] 处理批次 14/21 (30只 ETF)
[2026-03-28 17:09:29] ======================================================================
[2026-03-28 17:09:29]   1. 估值因子（真实 PE/PB/股息率）...
[2026-03-28 17:09:29] 计算估值因子（真实数据，Z-Score 标准化）...
[2026-03-28 17:09:29]     ✅ 完成 30只
[2026-03-28 17:09:29]   2. 动量因子...
[2026-03-28 17:09:29] 计算动量因子...
[2026-03-28 17:09:29]     ✅ 完成 0只
[2026-03-28 17:09:29]   3. 波动因子...
[2026-03-28 17:09:29] 计算波动因子...
[2026-03-28 17:09:29]     ✅ 完成 0只
[2026-03-28 17:09:29]   4. 技术因子（真实 RSI/MACD/KDJ）...
[2026-03-28 17:09:29] 计算技术因子（真实数据）...
[2026-03-28 17:09:32]     ✅ 完成 30只
[2026-03-28 17:09:32]   5. 资金因子（真实份额变化）...
[2026-03-28 17:09:32] 计算资金因子（真实数据，Z-Score 标准化）...
[2026-03-28 17:09:37]     ✅ 完成 30只
[2026-03-28 17:09:37]   6. 流动性因子...
[2026-03-28 17:09:37] 计算流动性因子...
[2026-03-28 17:09:37]     ✅ 完成 30只
[2026-03-28 17:09:37]   7. ETF 特有因子...
[2026-03-28 17:09:37] 计算 ETF 特有因子...
[2026-03-28 17:09:37]     ✅ 完成 30只
[2026-03-28 17:09:37]   8. 计算综合评分...
[2026-03-28 17:09:37] 计算综合评分（市场状态：sideways，包含 7 大因子）...
[2026-03-28 17:09:37] 使用动态权重（市场状态：sideways）: {'valuation': 0.25, 'momentum': 0.25, 'volatility': 0.2, 'technical': 0.2, 'fund_flow': 0.1, 'liquidity': 0.1, 'etf_specific': 0.1}
[2026-03-28 17:09:37] 行业中性化处理...

⏳ 等待60秒（避免 Tushare 速率限制）...
[2026-03-28 17:10:37] 
======================================================================
[2026-03-28 17:10:37] 处理批次 15/21 (30只 ETF)
[2026-03-28 17:10:37] ======================================================================
[2026-03-28 17:10:37]   1. 估值因子（真实 PE/PB/股息率）...
[2026-03-28 17:10:37] 计算估值因子（真实数据，Z-Score 标准化）...
[2026-03-28 17:10:37]     ✅ 完成 30只
[2026-03-28 17:10:37]   2. 动量因子...
[2026-03-28 17:10:37] 计算动量因子...
[2026-03-28 17:10:37]     ✅ 完成 0只
[2026-03-28 17:10:37]   3. 波动因子...
[2026-03-28 17:10:37] 计算波动因子...
[2026-03-28 17:10:37]     ✅ 完成 0只
[2026-03-28 17:10:37]   4. 技术因子（真实 RSI/MACD/KDJ）...
[2026-03-28 17:10:37] 计算技术因子（真实数据）...
[2026-03-28 17:10:40]     ✅ 完成 30只
[2026-03-28 17:10:40]   5. 资金因子（真实份额变化）...
[2026-03-28 17:10:40] 计算资金因子（真实数据，Z-Score 标准化）...
[2026-03-28 17:10:44]     ✅ 完成 30只
[2026-03-28 17:10:44]   6. 流动性因子...
[2026-03-28 17:10:44] 计算流动性因子...
[2026-03-28 17:10:44]     ✅ 完成 30只
[2026-03-28 17:10:44]   7. ETF 特有因子...
[2026-03-28 17:10:44] 计算 ETF 特有因子...
[2026-03-28 17:10:44]     ✅ 完成 30只
[2026-03-28 17:10:44]   8. 计算综合评分...
[2026-03-28 17:10:44] 计算综合评分（市场状态：sideways，包含 7 大因子）...
[2026-03-28 17:10:44] 使用动态权重（市场状态：sideways）: {'valuation': 0.25, 'momentum': 0.25, 'volatility': 0.2, 'technical': 0.2, 'fund_flow': 0.1, 'liquidity': 0.1, 'etf_specific': 0.1}
[2026-03-28 17:10:44] 行业中性化处理...

⏳ 等待60秒（避免 Tushare 速率限制）...
[2026-03-28 17:11:45] 
======================================================================
[2026-03-28 17:11:45] 处理批次 16/21 (30只 ETF)
[2026-03-28 17:11:45] ======================================================================
[2026-03-28 17:11:45]   1. 估值因子（真实 PE/PB/股息率）...
[2026-03-28 17:11:45] 计算估值因子（真实数据，Z-Score 标准化）...
[2026-03-28 17:11:45]     ✅ 完成 30只
[2026-03-28 17:11:45]   2. 动量因子...
[2026-03-28 17:11:45] 计算动量因子...
[2026-03-28 17:11:45]     ✅ 完成 0只
[2026-03-28 17:11:45]   3. 波动因子...
[2026-03-28 17:11:45] 计算波动因子...
[2026-03-28 17:11:45]     ✅ 完成 0只
[2026-03-28 17:11:45]   4. 技术因子（真实 RSI/MACD/KDJ）...
[2026-03-28 17:11:45] 计算技术因子（真实数据）...
[2026-03-28 17:11:48]     ✅ 完成 30只
[2026-03-28 17:11:48]   5. 资金因子（真实份额变化）...
[2026-03-28 17:11:48] 计算资金因子（真实数据，Z-Score 标准化）...
[2026-03-28 17:11:52]     ✅ 完成 30只
[2026-03-28 17:11:52]   6. 流动性因子...
[2026-03-28 17:11:52] 计算流动性因子...
[2026-03-28 17:11:52]     ✅ 完成 30只
[2026-03-28 17:11:52]   7. ETF 特有因子...
[2026-03-28 17:11:52] 计算 ETF 特有因子...
[2026-03-28 17:11:52]     ✅ 完成 30只
[2026-03-28 17:11:52]   8. 计算综合评分...
[2026-03-28 17:11:52] 计算综合评分（市场状态：sideways，包含 7 大因子）...
[2026-03-28 17:11:52] 使用动态权重（市场状态：sideways）: {'valuation': 0.25, 'momentum': 0.25, 'volatility': 0.2, 'technical': 0.2, 'fund_flow': 0.1, 'liquidity': 0.1, 'etf_specific': 0.1}
[2026-03-28 17:11:52] 行业中性化处理...

⏳ 等待60秒（避免 Tushare 速率限制）...
[2026-03-28 17:12:52] 
======================================================================
[2026-03-28 17:12:52] 处理批次 17/21 (30只 ETF)
[2026-03-28 17:12:52] ======================================================================
[2026-03-28 17:12:52]   1. 估值因子（真实 PE/PB/股息率）...
[2026-03-28 17:12:52] 计算估值因子（真实数据，Z-Score 标准化）...
[2026-03-28 17:12:53]     ✅ 完成 30只
[2026-03-28 17:12:53]   2. 动量因子...
[2026-03-28 17:12:53] 计算动量因子...
[2026-03-28 17:12:53]     ✅ 完成 0只
[2026-03-28 17:12:53]   3. 波动因子...
[2026-03-28 17:12:53] 计算波动因子...
[2026-03-28 17:12:53]     ✅ 完成 0只
[2026-03-28 17:12:53]   4. 技术因子（真实 RSI/MACD/KDJ）...
[2026-03-28 17:12:53] 计算技术因子（真实数据）...
[2026-03-28 17:12:56]     ✅ 完成 30只
[2026-03-28 17:12:56]   5. 资金因子（真实份额变化）...
[2026-03-28 17:12:56] 计算资金因子（真实数据，Z-Score 标准化）...
[2026-03-28 17:13:00]     ✅ 完成 30只
[2026-03-28 17:13:00]   6. 流动性因子...
[2026-03-28 17:13:00] 计算流动性因子...
[2026-03-28 17:13:00]     ✅ 完成 30只
[2026-03-28 17:13:00]   7. ETF 特有因子...
[2026-03-28 17:13:00] 计算 ETF 特有因子...
[2026-03-28 17:13:00]     ✅ 完成 30只
[2026-03-28 17:13:00]   8. 计算综合评分...
[2026-03-28 17:13:00] 计算综合评分（市场状态：sideways，包含 7 大因子）...
[2026-03-28 17:13:00] 使用动态权重（市场状态：sideways）: {'valuation': 0.25, 'momentum': 0.25, 'volatility': 0.2, 'technical': 0.2, 'fund_flow': 0.1, 'liquidity': 0.1, 'etf_specific': 0.1}
[2026-03-28 17:13:00] 行业中性化处理...

⏳ 等待60秒（避免 Tushare 速率限制）...
[2026-03-28 17:14:00] 
======================================================================
[2026-03-28 17:14:00] 处理批次 18/21 (30只 ETF)
[2026-03-28 17:14:00] ======================================================================
[2026-03-28 17:14:00]   1. 估值因子（真实 PE/PB/股息率）...
[2026-03-28 17:14:00] 计算估值因子（真实数据，Z-Score 标准化）...
[2026-03-28 17:14:01]     ✅ 完成 30只
[2026-03-28 17:14:01]   2. 动量因子...
[2026-03-28 17:14:01] 计算动量因子...
[2026-03-28 17:14:01]     ✅ 完成 0只
[2026-03-28 17:14:01]   3. 波动因子...
[2026-03-28 17:14:01] 计算波动因子...
[2026-03-28 17:14:01]     ✅ 完成 0只
[2026-03-28 17:14:01]   4. 技术因子（真实 RSI/MACD/KDJ）...
[2026-03-28 17:14:01] 计算技术因子（真实数据）...
[2026-03-28 17:14:04]     ✅ 完成 30只
[2026-03-28 17:14:04]   5. 资金因子（真实份额变化）...
[2026-03-28 17:14:04] 计算资金因子（真实数据，Z-Score 标准化）...
[2026-03-28 17:14:08]     ✅ 完成 30只
[2026-03-28 17:14:08]   6. 流动性因子...
[2026-03-28 17:14:08] 计算流动性因子...
[2026-03-28 17:14:08]     ✅ 完成 30只
[2026-03-28 17:14:08]   7. ETF 特有因子...
[2026-03-28 17:14:08] 计算 ETF 特有因子...
[2026-03-28 17:14:08]     ✅ 完成 30只
[2026-03-28 17:14:08]   8. 计算综合评分...
[2026-03-28 17:14:08] 计算综合评分（市场状态：sideways，包含 7 大因子）...
[2026-03-28 17:14:08] 使用动态权重（市场状态：sideways）: {'valuation': 0.25, 'momentum': 0.25, 'volatility': 0.2, 'technical': 0.2, 'fund_flow': 0.1, 'liquidity': 0.1, 'etf_specific': 0.1}
[2026-03-28 17:14:08] 行业中性化处理...

⏳ 等待60秒（避免 Tushare 速率限制）...
[2026-03-28 17:15:08] 
======================================================================
[2026-03-28 17:15:08] 处理批次 19/21 (30只 ETF)
[2026-03-28 17:15:08] ======================================================================
[2026-03-28 17:15:08]   1. 估值因子（真实 PE/PB/股息率）...
[2026-03-28 17:15:08] 计算估值因子（真实数据，Z-Score 标准化）...
[2026-03-28 17:15:09]     ✅ 完成 30只
[2026-03-28 17:15:09]   2. 动量因子...
[2026-03-28 17:15:09] 计算动量因子...
[2026-03-28 17:15:09]     ✅ 完成 0只
[2026-03-28 17:15:09]   3. 波动因子...
[2026-03-28 17:15:09] 计算波动因子...
[2026-03-28 17:15:09]     ✅ 完成 0只
[2026-03-28 17:15:09]   4. 技术因子（真实 RSI/MACD/KDJ）...
[2026-03-28 17:15:09] 计算技术因子（真实数据）...
[2026-03-28 17:15:12]     ✅ 完成 30只
[2026-03-28 17:15:12]   5. 资金因子（真实份额变化）...
[2026-03-28 17:15:12] 计算资金因子（真实数据，Z-Score 标准化）...
[2026-03-28 17:15:16]     ✅ 完成 30只
[2026-03-28 17:15:16]   6. 流动性因子...
[2026-03-28 17:15:16] 计算流动性因子...
[2026-03-28 17:15:16]     ✅ 完成 30只
[2026-03-28 17:15:16]   7. ETF 特有因子...
[2026-03-28 17:15:16] 计算 ETF 特有因子...
[2026-03-28 17:15:16]     ✅ 完成 30只
[2026-03-28 17:15:16]   8. 计算综合评分...
[2026-03-28 17:15:16] 计算综合评分（市场状态：sideways，包含 7 大因子）...
[2026-03-28 17:15:16] 使用动态权重（市场状态：sideways）: {'valuation': 0.25, 'momentum': 0.25, 'volatility': 0.2, 'technical': 0.2, 'fund_flow': 0.1, 'liquidity': 0.1, 'etf_specific': 0.1}
[2026-03-28 17:15:16] 行业中性化处理...

⏳ 等待60秒（避免 Tushare 速率限制）...
[2026-03-28 17:16:16] 
======================================================================
[2026-03-28 17:16:16] 处理批次 20/21 (30只 ETF)
[2026-03-28 17:16:16] ======================================================================
[2026-03-28 17:16:16]   1. 估值因子（真实 PE/PB/股息率）...
[2026-03-28 17:16:16] 计算估值因子（真实数据，Z-Score 标准化）...
[2026-03-28 17:16:17]     ✅ 完成 30只
[2026-03-28 17:16:17]   2. 动量因子...
[2026-03-28 17:16:17] 计算动量因子...
[2026-03-28 17:16:17]     ✅ 完成 0只
[2026-03-28 17:16:17]   3. 波动因子...
[2026-03-28 17:16:17] 计算波动因子...
[2026-03-28 17:16:17]     ✅ 完成 0只
[2026-03-28 17:16:17]   4. 技术因子（真实 RSI/MACD/KDJ）...
[2026-03-28 17:16:17] 计算技术因子（真实数据）...
[2026-03-28 17:16:20]     ✅ 完成 30只
[2026-03-28 17:16:20]   5. 资金因子（真实份额变化）...
[2026-03-28 17:16:20] 计算资金因子（真实数据，Z-Score 标准化）...
[2026-03-28 17:16:24]     ✅ 完成 30只
[2026-03-28 17:16:24]   6. 流动性因子...
[2026-03-28 17:16:24] 计算流动性因子...
[2026-03-28 17:16:24]     ✅ 完成 30只
[2026-03-28 17:16:24]   7. ETF 特有因子...
[2026-03-28 17:16:24] 计算 ETF 特有因子...
[2026-03-28 17:16:24]     ✅ 完成 30只
[2026-03-28 17:16:24]   8. 计算综合评分...
[2026-03-28 17:16:24] 计算综合评分（市场状态：sideways，包含 7 大因子）...
[2026-03-28 17:16:24] 使用动态权重（市场状态：sideways）: {'valuation': 0.25, 'momentum': 0.25, 'volatility': 0.2, 'technical': 0.2, 'fund_flow': 0.1, 'liquidity': 0.1, 'etf_specific': 0.1}
[2026-03-28 17:16:24] 行业中性化处理...

⏳ 等待60秒（避免 Tushare 速率限制）...
[2026-03-28 17:17:24] 
======================================================================
[2026-03-28 17:17:24] 处理批次 21/21 (8只 ETF)
[2026-03-28 17:17:24] ======================================================================
[2026-03-28 17:17:24]   1. 估值因子（真实 PE/PB/股息率）...
[2026-03-28 17:17:24] 计算估值因子（真实数据，Z-Score 标准化）...
[2026-03-28 17:17:24]     ✅ 完成 8只
[2026-03-28 17:17:24]   2. 动量因子...
[2026-03-28 17:17:24] 计算动量因子...
[2026-03-28 17:17:24]     ✅ 完成 0只
[2026-03-28 17:17:24]   3. 波动因子...
[2026-03-28 17:17:24] 计算波动因子...
[2026-03-28 17:17:24]     ✅ 完成 0只
[2026-03-28 17:17:24]   4. 技术因子（真实 RSI/MACD/KDJ）...
[2026-03-28 17:17:24] 计算技术因子（真实数据）...
[2026-03-28 17:17:25]     ✅ 完成 8只
[2026-03-28 17:17:25]   5. 资金因子（真实份额变化）...
[2026-03-28 17:17:25] 计算资金因子（真实数据，Z-Score 标准化）...
[2026-03-28 17:17:26]     ✅ 完成 8只
[2026-03-28 17:17:26]   6. 流动性因子...
[2026-03-28 17:17:26] 计算流动性因子...
[2026-03-28 17:17:26]     ✅ 完成 8只
[2026-03-28 17:17:26]   7. ETF 特有因子...
[2026-03-28 17:17:26] 计算 ETF 特有因子...
[2026-03-28 17:17:26]     ✅ 完成 8只
[2026-03-28 17:17:26]   8. 计算综合评分...
[2026-03-28 17:17:26] 计算综合评分（市场状态：sideways，包含 7 大因子）...
[2026-03-28 17:17:26] 使用动态权重（市场状态：sideways）: {'valuation': 0.25, 'momentum': 0.25, 'volatility': 0.2, 'technical': 0.2, 'fund_flow': 0.1, 'liquidity': 0.1, 'etf_specific': 0.1}
[2026-03-28 17:17:26] 行业中性化处理...

======================================================================
选择 Top ETF...
======================================================================

======================================================================
Top 30 ETF
======================================================================
排名   代码       名称           行业       综合       估值       动量      
======================================================================
1    510320   未知           其他       0.958    0.737    0.500
2    517950   未知           宽基       0.940    0.748    0.500
3    511850   未知           宽基       0.929    0.730    0.500
4    159820   未知           其他       0.929    0.747    0.500
5    513360   未知           其他       0.891    0.703    0.500
6    159301   未知           其他       0.891    0.768    0.500
7    159840   未知           其他       0.887    0.673    0.500
8    159611   未知           其他       0.883    0.570    0.500
9    159819   人工智能 AI      科技       0.864    0.638    0.500
10   515370   未知           其他       0.861    0.595    0.500
11   159967   未知           其他       0.860    0.573    0.500
12   159210   未知           其他       0.860    0.732    0.500
13   512630   未知           其他       0.859    0.722    0.500
14   512100   未知           其他       0.848    0.612    0.500
15   516130   未知           其他       0.839    0.546    0.500
16   515050   未知           宽基       0.834    0.549    0.500
17   159742   未知           其他       0.831    0.631    0.500
18   159333   未知           其他       0.829    0.716    0.500
19   515300   未知           宽基       0.826    0.729    0.500
20   159262   未知           其他       0.810    0.704    0.500
21   159516   未知           其他       0.797    0.570    0.500
22   159267   未知           其他       0.786    0.686    0.500
23   159120   未知           其他       0.785    0.603    0.500
24   510170   未知           其他       0.783    0.596    0.500
25   159671   未知           其他       0.777    0.619    0.500
26   159595   未知           其他       0.777    0.606    0.500
27   159268   未知           其他       0.776    0.661    0.500
28   512820   未知           其他       0.775    0.658    0.500
29   518860   未知           其他       0.773    0.715    0.500
30   159919   未知           其他       0.772    0.701    0.500

✅ 结果已保存：/home/admin/openclaw/workspace/全市场 ETF 完整筛选结果_v5.json

生成报告...
✅ 报告已生成：/home/admin/openclaw/workspace/全市场 ETF 完整筛选报告_v5.md

======================================================================
✅ 全市场完整筛选完成！
======================================================================
