加载 608 只 ETF

从 Tushare 获取 ETF 名称（分批处理）...
  已获取 50/608 只
  已获取 100/608 只
  已获取 150/608 只
  已获取 200/608 只
[2026-03-28 20:41:55] ⚠️ 获取 ETF 基础信息失败：抱歉，您每分钟最多访问该接口200次，权限的具体详情访问：https://tushare.pro/document/1?doc_id=108。
[2026-03-28 20:41:56] ⚠️ 获取 ETF 基础信息失败：抱歉，您每分钟最多访问该接口200次，权限的具体详情访问：https://tushare.pro/document/1?doc_id=108。
[2026-03-28 20:41:58] ⚠️ 获取 ETF 基础信息失败：抱歉，您每分钟最多访问该接口200次，权限的具体详情访问：https://tushare.pro/document/1?doc_id=108。
[2026-03-28 20:41:59] ⚠️ 获取 ETF 基础信息失败：抱歉，您每分钟最多访问该接口200次，权限的具体详情访问：https://tushare.pro/document/1?doc_id=108。
[2026-03-28 20:42:01] ⚠️ 获取 ETF 基础信息失败：抱歉，您每分钟最多访问该接口200次，权限的具体详情访问：https://tushare.pro/document/1?doc_id=108。
[2026-03-28 20:42:03] ⚠️ 获取 ETF 基础信息失败：抱歉，您每分钟最多访问该接口200次，权限的具体详情访问：https://tushare.pro/document/1?doc_id=108。
[2026-03-28 20:42:04] ⚠️ 获取 ETF 基础信息失败：抱歉，您每分钟最多访问该接口200次，权限的具体详情访问：https://tushare.pro/document/1?doc_id=108。
[2026-03-28 20:42:06] ⚠️ 获取 ETF 基础信息失败：抱歉，您每分钟最多访问该接口200次，权限的具体详情访问：https://tushare.pro/document/1?doc_id=108。
[2026-03-28 20:42:07] ⚠️ 获取 ETF 基础信息失败：抱歉，您每分钟最多访问该接口200次，权限的具体详情访问：https://tushare.pro/document/1?doc_id=108。

获取到 200 条 ETF 信息

✅ 更新了 200 只 ETF 的名称

Top 10 ETF（修复后）:
  1. 511880 银华日利 (1.000)
  2. 159183 招商中证新能源汽车ETF (0.979)
  3. 159175 易方达中证电池主题ETF (0.958)
  4. 159170 港股通互联网ETF永赢 (0.954)
  5. 516130 华宝消费龙头ETF (0.916)
  6. 159518 嘉实标普石油天然气勘探及生产精选行业ETF(QDII) (0.907)
  7. 159147 南方中证电池主题ETF (0.903)
  8. 159189 华夏国证石油天然气ETF (0.883)
  9. 159003 招商保证金快线A (0.865)
  10. 515030 华夏中证新能源汽车ETF (0.855)
