======================================================================
全市场 ETF 筛选 v5.0（修复版）
时间：2026-03-28 19:27:13
======================================================================
加载 608 只 ETF

======================================================================
加载历史数据（动量/波动因子）...
======================================================================
[2026-03-28 19:27:13] 加载 608只 ETF 历史数据...
[2026-03-28 19:27:13] 获取 ETF 日线行情：159001.SZ...
[2026-03-28 19:27:13]   ✅ 获取 297条记录
[2026-03-28 19:27:13] 获取 ETF 日线行情：159003.SZ...
[2026-03-28 19:27:13]   ✅ 获取 297条记录
[2026-03-28 19:27:13] 获取 ETF 日线行情：159005.SZ...
[2026-03-28 19:27:13]   ✅ 获取 297条记录
[2026-03-28 19:27:14] 获取 ETF 日线行情：159100.SZ...
[2026-03-28 19:27:14]   ✅ 获取 89条记录
[2026-03-28 19:27:14] 获取 ETF 日线行情：159101.SZ...
[2026-03-28 19:27:14]   ✅ 获取 134条记录
[2026-03-28 19:27:14] 获取 ETF 日线行情：159102.SZ...
[2026-03-28 19:27:14]   ✅ 获取 125条记录
[2026-03-28 19:27:14] 获取 ETF 日线行情：159105.SZ...
[2026-03-28 19:27:14]   ✅ 获取 97条记录
[2026-03-28 19:27:14] 获取 ETF 日线行情：159107.SZ...
[2026-03-28 19:27:14]   ✅ 获取 121条记录
[2026-03-28 19:27:14] 获取 ETF 日线行情：159120.SZ...
[2026-03-28 19:27:14]   ✅ 获取 89条记录
[2026-03-28 19:27:14] 获取 ETF 日线行情：159121.SZ...
[2026-03-28 19:27:15]   ✅ 获取 82条记录
[2026-03-28 19:27:15] 获取 ETF 日线行情：159125.SZ...
[2026-03-28 19:27:15]   ✅ 获取 94条记录
[2026-03-28 19:27:15] 获取 ETF 日线行情：159126.SZ...
[2026-03-28 19:27:15]   ✅ 获取 97条记录
[2026-03-28 19:27:15] 获取 ETF 日线行情：159127.SZ...
[2026-03-28 19:27:15]   ✅ 获取 84条记录
[2026-03-28 19:27:15] 获取 ETF 日线行情：159128.SZ...
[2026-03-28 19:27:15]   ✅ 获取 89条记录
[2026-03-28 19:27:15] 获取 ETF 日线行情：159129.SZ...
[2026-03-28 19:27:15]   ✅ 获取 88条记录
[2026-03-28 19:27:15] 获取 ETF 日线行情：159130.SZ...
[2026-03-28 19:27:15]   ✅ 获取 79条记录
[2026-03-28 19:27:16] 获取 ETF 日线行情：159131.SZ...
[2026-03-28 19:27:16]   ✅ 获取 89条记录
[2026-03-28 19:27:16] 获取 ETF 日线行情：159132.SZ...
[2026-03-28 19:27:16]   ✅ 获取 51条记录
[2026-03-28 19:27:16] 获取 ETF 日线行情：159133.SZ...
[2026-03-28 19:27:16]   ✅ 获取 81条记录
[2026-03-28 19:27:16] 获取 ETF 日线行情：159135.SZ...
[2026-03-28 19:27:16]   ✅ 获取 27条记录
[2026-03-28 19:27:16] 获取 ETF 日线行情：159137.SZ...
[2026-03-28 19:27:16]   ✅ 获取 49条记录
[2026-03-28 19:27:16] 获取 ETF 日线行情：159139.SZ...
[2026-03-28 19:27:16]   ✅ 获取 63条记录
[2026-03-28 19:27:16] 获取 ETF 日线行情：159140.SZ...
[2026-03-28 19:27:16]   ✅ 获取 64条记录
[2026-03-28 19:27:16] 获取 ETF 日线行情：159141.SZ...
[2026-03-28 19:27:17]   ✅ 获取 69条记录
[2026-03-28 19:27:17] 获取 ETF 日线行情：159142.SZ...
[2026-03-28 19:27:17]   ✅ 获取 68条记录
[2026-03-28 19:27:17] 获取 ETF 日线行情：159146.SZ...
[2026-03-28 19:27:17]   ✅ 获取 43条记录
[2026-03-28 19:27:17] 获取 ETF 日线行情：159147.SZ...
[2026-03-28 19:27:17]   ✅ 获取 40条记录
[2026-03-28 19:27:17] 获取 ETF 日线行情：159148.SZ...
[2026-03-28 19:27:17]   ✅ 获取 27条记录
[2026-03-28 19:27:17] 获取 ETF 日线行情：159149.SZ...
[2026-03-28 19:27:17]   ✅ 获取 43条记录
[2026-03-28 19:27:17] 获取 ETF 日线行情：159150.SZ...
[2026-03-28 19:27:17]   ✅ 获取 297条记录
[2026-03-28 19:27:17] 获取 ETF 日线行情：159152.SZ...
[2026-03-28 19:27:18]   ✅ 获取 33条记录
[2026-03-28 19:27:18] 获取 ETF 日线行情：159155.SZ...
[2026-03-28 19:27:18]   ✅ 获取 42条记录
[2026-03-28 19:27:18] 获取 ETF 日线行情：159156.SZ...
[2026-03-28 19:27:18]   ✅ 获取 26条记录
[2026-03-28 19:27:18] 获取 ETF 日线行情：159157.SZ...
[2026-03-28 19:27:18]   ✅ 获取 30条记录
[2026-03-28 19:27:18] 获取 ETF 日线行情：159158.SZ...
[2026-03-28 19:27:18]   ✅ 获取 38条记录
[2026-03-28 19:27:18] 获取 ETF 日线行情：159159.SZ...
[2026-03-28 19:27:18]   ✅ 获取 26条记录
[2026-03-28 19:27:18] 获取 ETF 日线行情：159160.SZ...
[2026-03-28 19:27:18]   ✅ 获取 1条记录
[2026-03-28 19:27:18] 获取 ETF 日线行情：159162.SZ...
[2026-03-28 19:27:18]   ✅ 获取 36条记录
[2026-03-28 19:27:19] 获取 ETF 日线行情：159163.SZ...
[2026-03-28 19:27:19]   ✅ 获取 29条记录
[2026-03-28 19:27:19] 获取 ETF 日线行情：159165.SZ...
[2026-03-28 19:27:19]   ✅ 获取 26条记录
[2026-03-28 19:27:19] 获取 ETF 日线行情：159167.SZ...
[2026-03-28 19:27:19]   ✅ 获取 26条记录
[2026-03-28 19:27:19] 获取 ETF 日线行情：159168.SZ...
[2026-03-28 19:27:19]   ✅ 获取 26条记录
[2026-03-28 19:27:19] 获取 ETF 日线行情：159169.SZ...
[2026-03-28 19:27:19]   ✅ 获取 18条记录
[2026-03-28 19:27:19] 获取 ETF 日线行情：159170.SZ...
[2026-03-28 19:27:19]   ✅ 获取 7条记录
[2026-03-28 19:27:19] 获取 ETF 日线行情：159172.SZ...
[2026-03-28 19:27:19]   ✅ 获取 6条记录
[2026-03-28 19:27:20] 获取 ETF 日线行情：159175.SZ...
[2026-03-28 19:27:20]   ✅ 获取 17条记录
[2026-03-28 19:27:20] 获取 ETF 日线行情：159181.SZ...
[2026-03-28 19:27:20]   ✅ 获取 7条记录
[2026-03-28 19:27:20] 获取 ETF 日线行情：159183.SZ...
[2026-03-28 19:27:20]   ✅ 获取 4条记录
[2026-03-28 19:27:20] 获取 ETF 日线行情：159189.SZ...
[2026-03-28 19:27:20]   ✅ 获取 7条记录
[2026-03-28 19:27:20] 获取 ETF 日线行情：159191.SZ...
[2026-03-28 19:27:20]   ✅ 获取 2条记录
[2026-03-28 19:27:20] 获取 ETF 日线行情：159201.SZ...
[2026-03-28 19:27:20]   ✅ 获取 263条记录
[2026-03-28 19:27:20] 获取 ETF 日线行情：159202.SZ...
[2026-03-28 19:27:20]   ✅ 获取 230条记录
[2026-03-28 19:27:20] 获取 ETF 日线行情：159205.SZ...
[2026-03-28 19:27:21]   ✅ 获取 193条记录
[2026-03-28 19:27:21] 获取 ETF 日线行情：159206.SZ...
[2026-03-28 19:27:21]   ✅ 获取 252条记录
[2026-03-28 19:27:21] 获取 ETF 日线行情：159207.SZ...
[2026-03-28 19:27:21]   ✅ 获取 235条记录
[2026-03-28 19:27:21] 获取 ETF 日线行情：159208.SZ...
[2026-03-28 19:27:21]   ✅ 获取 215条记录
[2026-03-28 19:27:21] 获取 ETF 日线行情：159209.SZ...
[2026-03-28 19:27:21]   ✅ 获取 245条记录
[2026-03-28 19:27:21] 获取 ETF 日线行情：159210.SZ...
[2026-03-28 19:27:21]   ✅ 获取 199条记录
[2026-03-28 19:27:21] 获取 ETF 日线行情：159212.SZ...
[2026-03-28 19:27:21]   ✅ 获取 235条记录
[2026-03-28 19:27:22] 获取 ETF 日线行情：159213.SZ...
[2026-03-28 19:27:22]   ✅ 获取 220条记录
[2026-03-28 19:27:22] 获取 ETF 日线行情：159217.SZ...
[2026-03-28 19:27:22]   ✅ 获取 238条记录
[2026-03-28 19:27:22] 获取 ETF 日线行情：159218.SZ...
[2026-03-28 19:27:22]   ✅ 获取 207条记录
[2026-03-28 19:27:22] 获取 ETF 日线行情：159220.SZ...
[2026-03-28 19:27:22]   ✅ 获取 215条记录
[2026-03-28 19:27:22] 获取 ETF 日线行情：159221.SZ...
[2026-03-28 19:27:22]   ✅ 获取 214条记录
[2026-03-28 19:27:22] 获取 ETF 日线行情：159222.SZ...
[2026-03-28 19:27:22]   ✅ 获取 229条记录
[2026-03-28 19:27:23] 获取 ETF 日线行情：159223.SZ...
[2026-03-28 19:27:23]   ✅ 获取 178条记录
[2026-03-28 19:27:23] 获取 ETF 日线行情：159225.SZ...
[2026-03-28 19:27:23]   ✅ 获取 229条记录
[2026-03-28 19:27:23] 获取 ETF 日线行情：159227.SZ...
[2026-03-28 19:27:23]   ✅ 获取 211条记录
[2026-03-28 19:27:23] 获取 ETF 日线行情：159229.SZ...
[2026-03-28 19:27:23]   ✅ 获取 211条记录
[2026-03-28 19:27:23] 获取 ETF 日线行情：159230.SZ...
[2026-03-28 19:27:23]   ✅ 获取 201条记录
[2026-03-28 19:27:23] 获取 ETF 日线行情：159232.SZ...
[2026-03-28 19:27:23]   ✅ 获取 220条记录
[2026-03-28 19:27:23] 获取 ETF 日线行情：159233.SZ...
[2026-03-28 19:27:23]   ✅ 获取 199条记录
[2026-03-28 19:27:24] 获取 ETF 日线行情：159235.SZ...
[2026-03-28 19:27:24]   ✅ 获取 220条记录
[2026-03-28 19:27:24] 获取 ETF 日线行情：159237.SZ...
[2026-03-28 19:27:24]   ✅ 获取 176条记录
[2026-03-28 19:27:24] 获取 ETF 日线行情：159239.SZ...
[2026-03-28 19:27:24]   ✅ 获取 203条记录
[2026-03-28 19:27:24] 获取 ETF 日线行情：159241.SZ...
[2026-03-28 19:27:24]   ✅ 获取 202条记录
[2026-03-28 19:27:24] 获取 ETF 日线行情：159242.SZ...
[2026-03-28 19:27:24]   ✅ 获取 163条记录
[2026-03-28 19:27:24] 获取 ETF 日线行情：159243.SZ...
[2026-03-28 19:27:24]   ✅ 获取 54条记录
[2026-03-28 19:27:25] 获取 ETF 日线行情：159246.SZ...
[2026-03-28 19:27:25]   ✅ 获取 173条记录
[2026-03-28 19:27:25] 获取 ETF 日线行情：159249.SZ...
[2026-03-28 19:27:25]   ✅ 获取 179条记录
[2026-03-28 19:27:25] 获取 ETF 日线行情：159251.SZ...
[2026-03-28 19:27:25]   ✅ 获取 163条记录
[2026-03-28 19:27:25] 获取 ETF 日线行情：159256.SZ...
[2026-03-28 19:27:25]   ✅ 获取 156条记录
[2026-03-28 19:27:25] 获取 ETF 日线行情：159258.SZ...
[2026-03-28 19:27:25]   ✅ 获取 157条记录
[2026-03-28 19:27:25] 获取 ETF 日线行情：159259.SZ...
[2026-03-28 19:27:25]   ✅ 获取 138条记录
[2026-03-28 19:27:25] 获取 ETF 日线行情：159261.SZ...
[2026-03-28 19:27:25]   ✅ 获取 176条记录
[2026-03-28 19:27:26] 获取 ETF 日线行情：159262.SZ...
[2026-03-28 19:27:26]   ✅ 获取 176条记录
[2026-03-28 19:27:26] 获取 ETF 日线行情：159263.SZ...
[2026-03-28 19:27:26]   ✅ 获取 175条记录
[2026-03-28 19:27:26] 获取 ETF 日线行情：159265.SZ...
[2026-03-28 19:27:26]   ✅ 获取 179条记录
[2026-03-28 19:27:26] 获取 ETF 日线行情：159266.SZ...
[2026-03-28 19:27:26]   ✅ 获取 157条记录
[2026-03-28 19:27:26] 获取 ETF 日线行情：159267.SZ...
[2026-03-28 19:27:26]   ✅ 获取 157条记录
[2026-03-28 19:27:26] 获取 ETF 日线行情：159268.SZ...
[2026-03-28 19:27:26]   ✅ 获取 166条记录
[2026-03-28 19:27:27] 获取 ETF 日线行情：159269.SZ...
[2026-03-28 19:27:27]   ✅ 获取 173条记录
[2026-03-28 19:27:27] 获取 ETF 日线行情：159270.SZ...
[2026-03-28 19:27:27]   ✅ 获取 163条记录
[2026-03-28 19:27:27] 获取 ETF 日线行情：159272.SZ...
[2026-03-28 19:27:27]   ✅ 获取 122条记录
[2026-03-28 19:27:27] 获取 ETF 日线行情：159273.SZ...
[2026-03-28 19:27:27]   ✅ 获取 154条记录
[2026-03-28 19:27:27] 获取 ETF 日线行情：159275.SZ...
[2026-03-28 19:27:27]   ✅ 获取 116条记录
[2026-03-28 19:27:27] 获取 ETF 日线行情：159278.SZ...
[2026-03-28 19:27:27]   ✅ 获取 150条记录
[2026-03-28 19:27:27] 获取 ETF 日线行情：159279.SZ...
[2026-03-28 19:27:27]   ✅ 获取 116条记录
[2026-03-28 19:27:28] 获取 ETF 日线行情：159281.SZ...
[2026-03-28 19:27:28]   ✅ 获取 135条记录
[2026-03-28 19:27:28] 获取 ETF 日线行情：159283.SZ...
[2026-03-28 19:27:28]   ✅ 获取 143条记录
[2026-03-28 19:27:28]   已加载 100/608只
[2026-03-28 19:27:28] 获取 ETF 日线行情：159285.SZ...
[2026-03-28 19:27:28]   ✅ 获取 107条记录
[2026-03-28 19:27:28] 获取 ETF 日线行情：159286.SZ...
[2026-03-28 19:27:28]   ✅ 获取 135条记录
[2026-03-28 19:27:28] 获取 ETF 日线行情：159297.SZ...
[2026-03-28 19:27:28]   ✅ 获取 121条记录
[2026-03-28 19:27:28] 获取 ETF 日线行情：159299.SZ...
[2026-03-28 19:27:28]   ✅ 获取 128条记录
[2026-03-28 19:27:29] 获取 ETF 日线行情：159300.SZ...
[2026-03-28 19:27:29]   ✅ 获取 297条记录
[2026-03-28 19:27:29] 获取 ETF 日线行情：159301.SZ...
[2026-03-28 19:27:29]   ✅ 获取 297条记录
[2026-03-28 19:27:29] 获取 ETF 日线行情：159303.SZ...
[2026-03-28 19:27:29]   ✅ 获取 296条记录
[2026-03-28 19:27:29] 获取 ETF 日线行情：159305.SZ...
[2026-03-28 19:27:29]   ✅ 获取 296条记录
[2026-03-28 19:27:29] 获取 ETF 日线行情：159307.SZ...
[2026-03-28 19:27:29]   ✅ 获取 297条记录
[2026-03-28 19:27:29] 获取 ETF 日线行情：159309.SZ...
[2026-03-28 19:27:29]   ✅ 获取 297条记录
[2026-03-28 19:27:30] 获取 ETF 日线行情：159315.SZ...
[2026-03-28 19:27:30]   ✅ 获取 297条记录
[2026-03-28 19:27:30] 获取 ETF 日线行情：159316.SZ...
[2026-03-28 19:27:30]   ✅ 获取 244条记录
[2026-03-28 19:27:30] 获取 ETF 日线行情：159320.SZ...
[2026-03-28 19:27:30]   ✅ 获取 296条记录
[2026-03-28 19:27:30] 获取 ETF 日线行情：159321.SZ...
[2026-03-28 19:27:30]   ✅ 获取 291条记录
[2026-03-28 19:27:30] 获取 ETF 日线行情：159322.SZ...
[2026-03-28 19:27:30]   ✅ 获取 296条记录
[2026-03-28 19:27:30] 获取 ETF 日线行情：159323.SZ...
[2026-03-28 19:27:30]   ✅ 获取 293条记录
[2026-03-28 19:27:31] 获取 ETF 日线行情：159325.SZ...
[2026-03-28 19:27:31]   ✅ 获取 297条记录
[2026-03-28 19:27:31] 获取 ETF 日线行情：159326.SZ...
[2026-03-28 19:27:31]   ✅ 获取 297条记录
[2026-03-28 19:27:31] 获取 ETF 日线行情：159327.SZ...
[2026-03-28 19:27:31]   ✅ 获取 297条记录
[2026-03-28 19:27:31] 获取 ETF 日线行情：159329.SZ...
[2026-03-28 19:27:31]   ✅ 获取 293条记录
[2026-03-28 19:27:31] 获取 ETF 日线行情：159330.SZ...
[2026-03-28 19:27:31]   ✅ 获取 297条记录
[2026-03-28 19:27:31] 获取 ETF 日线行情：159333.SZ...
[2026-03-28 19:27:31]   ✅ 获取 297条记录
[2026-03-28 19:27:31] 获取 ETF 日线行情：159337.SZ...
[2026-03-28 19:27:32]   ✅ 获取 297条记录
[2026-03-28 19:27:32] 获取 ETF 日线行情：159338.SZ...
[2026-03-28 19:27:32]   ✅ 获取 297条记录
[2026-03-28 19:27:32] 获取 ETF 日线行情：159339.SZ...
[2026-03-28 19:27:32]   ✅ 获取 297条记录
[2026-03-28 19:27:32] 获取 ETF 日线行情：159350.SZ...
[2026-03-28 19:27:32]   ✅ 获取 297条记录
[2026-03-28 19:27:32] 获取 ETF 日线行情：159351.SZ...
[2026-03-28 19:27:32]   ✅ 获取 297条记录
[2026-03-28 19:27:32] 获取 ETF 日线行情：159352.SZ...
[2026-03-28 19:27:32]   ✅ 获取 297条记录
[2026-03-28 19:27:33] 获取 ETF 日线行情：159353.SZ...
[2026-03-28 19:27:33]   ✅ 获取 297条记录
[2026-03-28 19:27:33] 获取 ETF 日线行情：159356.SZ...
[2026-03-28 19:27:33]   ✅ 获取 297条记录
[2026-03-28 19:27:33] 获取 ETF 日线行情：159357.SZ...
[2026-03-28 19:27:33]   ✅ 获取 297条记录
[2026-03-28 19:27:33] 获取 ETF 日线行情：159358.SZ...
[2026-03-28 19:27:33]   ✅ 获取 297条记录
[2026-03-28 19:27:33] 获取 ETF 日线行情：159359.SZ...
[2026-03-28 19:27:33]   ✅ 获取 297条记录
[2026-03-28 19:27:33] 获取 ETF 日线行情：159360.SZ...
[2026-03-28 19:27:33]   ✅ 获取 297条记录
[2026-03-28 19:27:34] 获取 ETF 日线行情：159361.SZ...
[2026-03-28 19:27:34]   ✅ 获取 297条记录
[2026-03-28 19:27:34] 获取 ETF 日线行情：159362.SZ...
[2026-03-28 19:27:34]   ✅ 获取 297条记录
[2026-03-28 19:27:34] 获取 ETF 日线行情：159363.SZ...
[2026-03-28 19:27:34]   ✅ 获取 297条记录
[2026-03-28 19:27:34] 获取 ETF 日线行情：159366.SZ...
[2026-03-28 19:27:34]   ✅ 获取 232条记录
[2026-03-28 19:27:34] 获取 ETF 日线行情：159368.SZ...
[2026-03-28 19:27:34]   ✅ 获取 246条记录
[2026-03-28 19:27:34] 获取 ETF 日线行情：159373.SZ...
[2026-03-28 19:27:34]   ✅ 获取 276条记录
[2026-03-28 19:27:35] 获取 ETF 日线行情：159377.SZ...
[2026-03-28 19:27:35]   ✅ 获取 230条记录
[2026-03-28 19:27:35] 获取 ETF 日线行情：159378.SZ...
[2026-03-28 19:27:35]   ✅ 获取 291条记录
[2026-03-28 19:27:35] 获取 ETF 日线行情：159381.SZ...
[2026-03-28 19:27:35]   ✅ 获取 246条记录
[2026-03-28 19:27:35] 获取 ETF 日线行情：159382.SZ...
[2026-03-28 19:27:35]   ✅ 获取 216条记录
[2026-03-28 19:27:35] 获取 ETF 日线行情：159386.SZ...
[2026-03-28 19:27:35]   ✅ 获取 275条记录
[2026-03-28 19:27:35] 获取 ETF 日线行情：159387.SZ...
[2026-03-28 19:27:35]   ✅ 获取 195条记录
[2026-03-28 19:27:36] 获取 ETF 日线行情：159388.SZ...
[2026-03-28 19:27:36]   ✅ 获取 237条记录
[2026-03-28 19:27:36] 获取 ETF 日线行情：159393.SZ...
[2026-03-28 19:27:36]   ✅ 获取 256条记录
[2026-03-28 19:27:36] 获取 ETF 日线行情：159399.SZ...
[2026-03-28 19:27:36]   ✅ 获取 263条记录
[2026-03-28 19:27:36] 获取 ETF 日线行情：159500.SZ...
[2026-03-28 19:27:36]   ✅ 获取 137条记录
[2026-03-28 19:27:36] 获取 ETF 日线行情：159501.SZ...
[2026-03-28 19:27:36]   ✅ 获取 297条记录
[2026-03-28 19:27:36] 获取 ETF 日线行情：159502.SZ...
[2026-03-28 19:27:36]   ✅ 获取 297条记录
[2026-03-28 19:27:36] 获取 ETF 日线行情：159506.SZ...
[2026-03-28 19:27:37]   ✅ 获取 297条记录
[2026-03-28 19:27:37] 获取 ETF 日线行情：159507.SZ...
[2026-03-28 19:27:37]   ✅ 获取 295条记录
[2026-03-28 19:27:37] 获取 ETF 日线行情：159509.SZ...
[2026-03-28 19:27:37]   ✅ 获取 297条记录
[2026-03-28 19:27:37] 获取 ETF 日线行情：159513.SZ...
[2026-03-28 19:27:37]   ✅ 获取 297条记录
[2026-03-28 19:27:37] 获取 ETF 日线行情：159516.SZ...
[2026-03-28 19:27:37]   ✅ 获取 297条记录
[2026-03-28 19:27:37] 获取 ETF 日线行情：159518.SZ...
[2026-03-28 19:27:37]   ✅ 获取 295条记录
[2026-03-28 19:27:37] 获取 ETF 日线行情：159519.SZ...
[2026-03-28 19:27:38]   ✅ 获取 297条记录
[2026-03-28 19:27:38] 获取 ETF 日线行情：159525.SZ...
[2026-03-28 19:27:38]   ✅ 获取 297条记录
[2026-03-28 19:27:38] 获取 ETF 日线行情：159526.SZ...
[2026-03-28 19:27:38]   ✅ 获取 297条记录
[2026-03-28 19:27:38] 获取 ETF 日线行情：159529.SZ...
[2026-03-28 19:27:38]   ✅ 获取 293条记录
[2026-03-28 19:27:38] 获取 ETF 日线行情：159530.SZ...
[2026-03-28 19:27:38]   ✅ 获取 297条记录
[2026-03-28 19:27:38] 获取 ETF 日线行情：159531.SZ...
[2026-03-28 19:27:38]   ✅ 获取 297条记录
[2026-03-28 19:27:39] 获取 ETF 日线行情：159532.SZ...
[2026-03-28 19:27:39]   ✅ 获取 297条记录
[2026-03-28 19:27:39] 获取 ETF 日线行情：159536.SZ...
[2026-03-28 19:27:39]   ✅ 获取 297条记录
[2026-03-28 19:27:39] 获取 ETF 日线行情：159540.SZ...
[2026-03-28 19:27:39]   ✅ 获取 297条记录
[2026-03-28 19:27:39] 获取 ETF 日线行情：159545.SZ...
[2026-03-28 19:27:39]   ✅ 获取 297条记录
[2026-03-28 19:27:39] 获取 ETF 日线行情：159546.SZ...
[2026-03-28 19:27:39]   ✅ 获取 297条记录
[2026-03-28 19:27:39] 获取 ETF 日线行情：159547.SZ...
[2026-03-28 19:27:39]   ✅ 获取 295条记录
[2026-03-28 19:27:40] 获取 ETF 日线行情：159549.SZ...
[2026-03-28 19:27:40]   ✅ 获取 297条记录
[2026-03-28 19:27:40] 获取 ETF 日线行情：159551.SZ...
[2026-03-28 19:27:40]   ✅ 获取 297条记录
[2026-03-28 19:27:40] 获取 ETF 日线行情：159552.SZ...
[2026-03-28 19:27:40]   ✅ 获取 296条记录
[2026-03-28 19:27:40] 获取 ETF 日线行情：159557.SZ...
[2026-03-28 19:27:40]   ✅ 获取 297条记录
[2026-03-28 19:27:40] 获取 ETF 日线行情：159558.SZ...
[2026-03-28 19:27:40]   ✅ 获取 297条记录
[2026-03-28 19:27:40] 获取 ETF 日线行情：159559.SZ...
[2026-03-28 19:27:40]   ✅ 获取 297条记录
[2026-03-28 19:27:41] 获取 ETF 日线行情：159561.SZ...
[2026-03-28 19:27:41]   ✅ 获取 292条记录
[2026-03-28 19:27:41] 获取 ETF 日线行情：159562.SZ...
[2026-03-28 19:27:41]   ✅ 获取 297条记录
[2026-03-28 19:27:41] 获取 ETF 日线行情：159565.SZ...
[2026-03-28 19:27:41]   ✅ 获取 297条记录
[2026-03-28 19:27:41] 获取 ETF 日线行情：159566.SZ...
[2026-03-28 19:27:41]   ✅ 获取 297条记录
[2026-03-28 19:27:41] 获取 ETF 日线行情：159567.SZ...
[2026-03-28 19:27:41]   ✅ 获取 297条记录
[2026-03-28 19:27:41] 获取 ETF 日线行情：159568.SZ...
[2026-03-28 19:27:41]   ✅ 获取 297条记录
[2026-03-28 19:27:42] 获取 ETF 日线行情：159569.SZ...
[2026-03-28 19:27:42]   ✅ 获取 297条记录
[2026-03-28 19:27:42] 获取 ETF 日线行情：159570.SZ...
[2026-03-28 19:27:42]   ✅ 获取 297条记录
[2026-03-28 19:27:42] 获取 ETF 日线行情：159572.SZ...
[2026-03-28 19:27:42]   ✅ 获取 297条记录
[2026-03-28 19:27:42] 获取 ETF 日线行情：159573.SZ...
[2026-03-28 19:27:42]   ✅ 获取 297条记录
[2026-03-28 19:27:42] 获取 ETF 日线行情：159577.SZ...
[2026-03-28 19:27:42]   ✅ 获取 297条记录
[2026-03-28 19:27:42] 获取 ETF 日线行情：159581.SZ...
[2026-03-28 19:27:42]   ✅ 获取 297条记录
[2026-03-28 19:27:43] 获取 ETF 日线行情：159582.SZ...
[2026-03-28 19:27:43]   ✅ 获取 297条记录
[2026-03-28 19:27:43] 获取 ETF 日线行情：159583.SZ...
[2026-03-28 19:27:43]   ✅ 获取 296条记录
[2026-03-28 19:27:43] 获取 ETF 日线行情：159587.SZ...
[2026-03-28 19:27:43]   ✅ 获取 295条记录
[2026-03-28 19:27:43] 获取 ETF 日线行情：159588.SZ...
[2026-03-28 19:27:43]   ✅ 获取 297条记录
[2026-03-28 19:27:43] 获取 ETF 日线行情：159590.SZ...
[2026-03-28 19:27:43]   ✅ 获取 297条记录
[2026-03-28 19:27:43] 获取 ETF 日线行情：159591.SZ...
[2026-03-28 19:27:43]   ✅ 获取 297条记录
[2026-03-28 19:27:43] 获取 ETF 日线行情：159592.SZ...
[2026-03-28 19:27:44]   ✅ 获取 297条记录
[2026-03-28 19:27:44] 获取 ETF 日线行情：159593.SZ...
[2026-03-28 19:27:44]   ✅ 获取 297条记录
[2026-03-28 19:27:44] 获取 ETF 日线行情：159595.SZ...
[2026-03-28 19:27:44]   ✅ 获取 297条记录
[2026-03-28 19:27:44] 获取 ETF 日线行情：159596.SZ...
[2026-03-28 19:27:44]   ✅ 获取 297条记录
[2026-03-28 19:27:44] 获取 ETF 日线行情：159599.SZ...
[2026-03-28 19:27:44]   ✅ 获取 297条记录
[2026-03-28 19:27:44] 获取 ETF 日线行情：159601.SZ...
[2026-03-28 19:27:44]   ✅ 获取 297条记录
[2026-03-28 19:27:44]   已加载 200/608只
[2026-03-28 19:27:44] 获取 ETF 日线行情：159602.SZ...
[2026-03-28 19:27:45]   ✅ 获取 297条记录
[2026-03-28 19:27:45] 获取 ETF 日线行情：159605.SZ...
[2026-03-28 19:27:45]   ✅ 获取 297条记录
[2026-03-28 19:27:45] 获取 ETF 日线行情：159607.SZ...
[2026-03-28 19:27:45]   ✅ 获取 297条记录
[2026-03-28 19:27:45] 获取 ETF 日线行情：159608.SZ...
[2026-03-28 19:27:45]   ✅ 获取 297条记录
[2026-03-28 19:27:45] 获取 ETF 日线行情：159609.SZ...
[2026-03-28 19:27:45]   ✅ 获取 297条记录
[2026-03-28 19:27:45] 获取 ETF 日线行情：159611.SZ...
[2026-03-28 19:27:45]   ✅ 获取 297条记录
[2026-03-28 19:27:45] 获取 ETF 日线行情：159612.SZ...
[2026-03-28 19:27:45]   ✅ 获取 295条记录
[2026-03-28 19:27:46] 获取 ETF 日线行情：159615.SZ...
[2026-03-28 19:27:46]   ✅ 获取 297条记录
[2026-03-28 19:27:46] 获取 ETF 日线行情：159616.SZ...
[2026-03-28 19:27:46]   ✅ 获取 297条记录
[2026-03-28 19:27:46] 获取 ETF 日线行情：159622.SZ...
[2026-03-28 19:27:46]   ✅ 获取 297条记录
[2026-03-28 19:27:46] 获取 ETF 日线行情：159625.SZ...
[2026-03-28 19:27:46]   ✅ 获取 297条记录
[2026-03-28 19:27:46] 获取 ETF 日线行情：159628.SZ...
[2026-03-28 19:27:46]   ✅ 获取 297条记录
[2026-03-28 19:27:46] 获取 ETF 日线行情：159629.SZ...
[2026-03-28 19:27:46]   ✅ 获取 297条记录
[2026-03-28 19:27:47] 获取 ETF 日线行情：159632.SZ...
[2026-03-28 19:27:47]   ✅ 获取 297条记录
[2026-03-28 19:27:47] 获取 ETF 日线行情：159633.SZ...
[2026-03-28 19:27:47]   ✅ 获取 297条记录
[2026-03-28 19:27:47] 获取 ETF 日线行情：159635.SZ...
[2026-03-28 19:27:47]   ✅ 获取 297条记录
[2026-03-28 19:27:47] 获取 ETF 日线行情：159636.SZ...
[2026-03-28 19:27:47]   ✅ 获取 297条记录
[2026-03-28 19:27:47] 获取 ETF 日线行情：159637.SZ...
[2026-03-28 19:27:47]   ✅ 获取 297条记录
[2026-03-28 19:27:47] 获取 ETF 日线行情：159638.SZ...
[2026-03-28 19:27:48]   ✅ 获取 297条记录
[2026-03-28 19:27:48] 获取 ETF 日线行情：159647.SZ...
[2026-03-28 19:27:48]   ✅ 获取 297条记录
[2026-03-28 19:27:48] 获取 ETF 日线行情：159652.SZ...
[2026-03-28 19:27:48]   ✅ 获取 297条记录
[2026-03-28 19:27:48] 获取 ETF 日线行情：159655.SZ...
[2026-03-28 19:27:48]   ✅ 获取 297条记录
[2026-03-28 19:27:48] 获取 ETF 日线行情：159656.SZ...
[2026-03-28 19:27:48]   ✅ 获取 297条记录
[2026-03-28 19:27:48] 获取 ETF 日线行情：159659.SZ...
[2026-03-28 19:27:48]   ✅ 获取 297条记录
[2026-03-28 19:27:49] 获取 ETF 日线行情：159660.SZ...
[2026-03-28 19:27:49]   ✅ 获取 297条记录
[2026-03-28 19:27:49] 获取 ETF 日线行情：159663.SZ...
[2026-03-28 19:27:49]   ✅ 获取 297条记录
[2026-03-28 19:27:49] 获取 ETF 日线行情：159665.SZ...
[2026-03-28 19:27:49]   ✅ 获取 297条记录
[2026-03-28 19:27:49] 获取 ETF 日线行情：159666.SZ...
[2026-03-28 19:27:49]   ✅ 获取 297条记录
[2026-03-28 19:27:49] 获取 ETF 日线行情：159667.SZ...
[2026-03-28 19:27:49]   ✅ 获取 297条记录
[2026-03-28 19:27:49] 获取 ETF 日线行情：159669.SZ...
[2026-03-28 19:27:49]   ✅ 获取 297条记录
[2026-03-28 19:27:49] 获取 ETF 日线行情：159671.SZ...
[2026-03-28 19:27:50]   ✅ 获取 297条记录
[2026-03-28 19:27:50] 获取 ETF 日线行情：159673.SZ...
[2026-03-28 19:27:50]   ✅ 获取 297条记录
[2026-03-28 19:27:50] 获取 ETF 日线行情：159680.SZ...
[2026-03-28 19:27:50]   ✅ 获取 297条记录
[2026-03-28 19:27:50] 获取 ETF 日线行情：159681.SZ...
[2026-03-28 19:27:50]   ✅ 获取 297条记录
[2026-03-28 19:27:50] 获取 ETF 日线行情：159682.SZ...
[2026-03-28 19:27:50]   ✅ 获取 297条记录
[2026-03-28 19:27:50] 获取 ETF 日线行情：159687.SZ...
[2026-03-28 19:27:50]   ✅ 获取 294条记录
[2026-03-28 19:27:50] 获取 ETF 日线行情：159688.SZ...
[2026-03-28 19:27:51]   ✅ 获取 297条记录
[2026-03-28 19:27:51] 获取 ETF 日线行情：159690.SZ...
[2026-03-28 19:27:51]   ✅ 获取 297条记录
[2026-03-28 19:27:51] 获取 ETF 日线行情：159691.SZ...
[2026-03-28 19:27:51]   ✅ 获取 297条记录
[2026-03-28 19:27:51] 获取 ETF 日线行情：159692.SZ...
[2026-03-28 19:27:51]   ✅ 获取 297条记录
[2026-03-28 19:27:51] 获取 ETF 日线行情：159695.SZ...
[2026-03-28 19:27:51]   ✅ 获取 297条记录
[2026-03-28 19:27:51] 获取 ETF 日线行情：159696.SZ...
[2026-03-28 19:27:51]   ✅ 获取 297条记录
[2026-03-28 19:27:51] 获取 ETF 日线行情：159697.SZ...
[2026-03-28 19:27:52]   ✅ 获取 297条记录
[2026-03-28 19:27:52] 获取 ETF 日线行情：159698.SZ...
[2026-03-28 19:27:52]   ✅ 获取 297条记录
[2026-03-28 19:27:52] 获取 ETF 日线行情：159699.SZ...
[2026-03-28 19:27:52]   ✅ 获取 297条记录
[2026-03-28 19:27:52] 获取 ETF 日线行情：159707.SZ...
[2026-03-28 19:27:52]   ✅ 获取 297条记录
[2026-03-28 19:27:52] 获取 ETF 日线行情：159711.SZ...
[2026-03-28 19:27:52]   ✅ 获取 297条记录
[2026-03-28 19:27:52] 获取 ETF 日线行情：159712.SZ...
[2026-03-28 19:27:52]   ✅ 获取 297条记录
[2026-03-28 19:27:52] 获取 ETF 日线行情：159713.SZ...
[2026-03-28 19:27:53]   ✅ 获取 297条记录
[2026-03-28 19:27:53] 获取 ETF 日线行情：159715.SZ...
[2026-03-28 19:27:53]   ✅ 获取 297条记录
[2026-03-28 19:27:53] 获取 ETF 日线行情：159718.SZ...
[2026-03-28 19:27:53]   ✅ 获取 297条记录
[2026-03-28 19:27:53] 获取 ETF 日线行情：159726.SZ...
[2026-03-28 19:27:53]   ✅ 获取 297条记录
[2026-03-28 19:27:53] 获取 ETF 日线行情：159731.SZ...
[2026-03-28 19:27:53]   ✅ 获取 297条记录
[2026-03-28 19:27:53] 获取 ETF 日线行情：159732.SZ...
[2026-03-28 19:27:53]   ✅ 获取 297条记录
[2026-03-28 19:27:54] 获取 ETF 日线行情：159735.SZ...
[2026-03-28 19:27:54]   ✅ 获取 297条记录
[2026-03-28 19:27:54] 获取 ETF 日线行情：159736.SZ...
[2026-03-28 19:27:54]   ✅ 获取 297条记录
[2026-03-28 19:27:54] 获取 ETF 日线行情：159738.SZ...
[2026-03-28 19:27:54]   ✅ 获取 297条记录
[2026-03-28 19:27:54] 获取 ETF 日线行情：159739.SZ...
[2026-03-28 19:27:54]   ✅ 获取 297条记录
[2026-03-28 19:27:54] 获取 ETF 日线行情：159740.SZ...
[2026-03-28 19:27:54]   ✅ 获取 297条记录
[2026-03-28 19:27:54] 获取 ETF 日线行情：159741.SZ...
[2026-03-28 19:27:54]   ✅ 获取 297条记录
[2026-03-28 19:27:54] 获取 ETF 日线行情：159742.SZ...
[2026-03-28 19:27:55]   ✅ 获取 297条记录
[2026-03-28 19:27:55] 获取 ETF 日线行情：159745.SZ...
[2026-03-28 19:27:55]   ✅ 获取 297条记录
[2026-03-28 19:27:55] 获取 ETF 日线行情：159747.SZ...
[2026-03-28 19:27:55]   ✅ 获取 297条记录
[2026-03-28 19:27:55] 获取 ETF 日线行情：159748.SZ...
[2026-03-28 19:27:55]   ✅ 获取 297条记录
[2026-03-28 19:27:55] 获取 ETF 日线行情：159750.SZ...
[2026-03-28 19:27:55]   ✅ 获取 297条记录
[2026-03-28 19:27:55] 获取 ETF 日线行情：159751.SZ...
[2026-03-28 19:27:55]   ✅ 获取 297条记录
[2026-03-28 19:27:55] 获取 ETF 日线行情：159752.SZ...
[2026-03-28 19:27:56]   ✅ 获取 297条记录
[2026-03-28 19:27:56] 获取 ETF 日线行情：159755.SZ...
[2026-03-28 19:27:56]   ✅ 获取 297条记录
[2026-03-28 19:27:56] 获取 ETF 日线行情：159757.SZ...
[2026-03-28 19:27:56]   ✅ 获取 297条记录
[2026-03-28 19:27:56] 获取 ETF 日线行情：159758.SZ...
[2026-03-28 19:27:56]   ✅ 获取 297条记录
[2026-03-28 19:27:56] 获取 ETF 日线行情：159766.SZ...
[2026-03-28 19:27:56]   ✅ 获取 297条记录
[2026-03-28 19:27:56] 获取 ETF 日线行情：159767.SZ...
[2026-03-28 19:27:56]   ✅ 获取 297条记录
[2026-03-28 19:27:57] 获取 ETF 日线行情：159768.SZ...
[2026-03-28 19:27:57]   ✅ 获取 297条记录
[2026-03-28 19:27:57] 获取 ETF 日线行情：159770.SZ...
[2026-03-28 19:27:57]   ✅ 获取 297条记录
[2026-03-28 19:27:57] 获取 ETF 日线行情：159775.SZ...
[2026-03-28 19:27:57]   ✅ 获取 297条记录
[2026-03-28 19:27:57] 获取 ETF 日线行情：159776.SZ...
[2026-03-28 19:27:57]   ✅ 获取 297条记录
[2026-03-28 19:27:57] 获取 ETF 日线行情：159780.SZ...
[2026-03-28 19:27:57]   ✅ 获取 297条记录
[2026-03-28 19:27:57] 获取 ETF 日线行情：159781.SZ...
[2026-03-28 19:27:57]   ✅ 获取 297条记录
[2026-03-28 19:27:58] 获取 ETF 日线行情：159782.SZ...
[2026-03-28 19:27:58]   ✅ 获取 297条记录
[2026-03-28 19:27:58] 获取 ETF 日线行情：159783.SZ...
[2026-03-28 19:27:58]   ✅ 获取 297条记录
[2026-03-28 19:27:58] 获取 ETF 日线行情：159786.SZ...
[2026-03-28 19:27:58]   ✅ 获取 297条记录
[2026-03-28 19:27:58] 获取 ETF 日线行情：159790.SZ...
[2026-03-28 19:27:58]   ✅ 获取 297条记录
[2026-03-28 19:27:58] 获取 ETF 日线行情：159792.SZ...
[2026-03-28 19:27:58]   ✅ 获取 297条记录
[2026-03-28 19:27:58] 获取 ETF 日线行情：159796.SZ...
[2026-03-28 19:27:58]   ✅ 获取 297条记录
[2026-03-28 19:27:59] 获取 ETF 日线行情：159801.SZ...
[2026-03-28 19:27:59]   ✅ 获取 297条记录
[2026-03-28 19:27:59] 获取 ETF 日线行情：159805.SZ...
[2026-03-28 19:27:59]   ✅ 获取 297条记录
[2026-03-28 19:27:59] 获取 ETF 日线行情：159806.SZ...
[2026-03-28 19:27:59]   ✅ 获取 297条记录
[2026-03-28 19:27:59] 获取 ETF 日线行情：159807.SZ...
[2026-03-28 19:27:59]   ✅ 获取 297条记录
[2026-03-28 19:27:59] 获取 ETF 日线行情：159812.SZ...
[2026-03-28 19:27:59]   ✅ 获取 297条记录
[2026-03-28 19:27:59] 获取 ETF 日线行情：159813.SZ...
[2026-03-28 19:27:59]   ✅ 获取 297条记录
[2026-03-28 19:28:00] 获取 ETF 日线行情：159814.SZ...
[2026-03-28 19:28:00]   ✅ 获取 297条记录
[2026-03-28 19:28:00] 获取 ETF 日线行情：159819.SZ...
[2026-03-28 19:28:00]   ✅ 获取 297条记录
[2026-03-28 19:28:00] 获取 ETF 日线行情：159820.SZ...
[2026-03-28 19:28:00]   ✅ 获取 297条记录
[2026-03-28 19:28:00] 获取 ETF 日线行情：159822.SZ...
[2026-03-28 19:28:00]   ✅ 获取 297条记录
[2026-03-28 19:28:00] 获取 ETF 日线行情：159825.SZ...
[2026-03-28 19:28:00]   ✅ 获取 297条记录
[2026-03-28 19:28:00] 获取 ETF 日线行情：159828.SZ...
[2026-03-28 19:28:00]   ✅ 获取 297条记录
[2026-03-28 19:28:01] 获取 ETF 日线行情：159830.SZ...
[2026-03-28 19:28:01]   ✅ 获取 297条记录
[2026-03-28 19:28:01] 获取 ETF 日线行情：159831.SZ...
[2026-03-28 19:28:01]   ✅ 获取 297条记录
[2026-03-28 19:28:01] 获取 ETF 日线行情：159834.SZ...
[2026-03-28 19:28:01]   ✅ 获取 297条记录
[2026-03-28 19:28:01] 获取 ETF 日线行情：159835.SZ...
[2026-03-28 19:28:01]   ✅ 获取 297条记录
[2026-03-28 19:28:01]   已加载 300/608只
[2026-03-28 19:28:01] 获取 ETF 日线行情：159837.SZ...
[2026-03-28 19:28:01]   ✅ 获取 297条记录
[2026-03-28 19:28:01] 获取 ETF 日线行情：159839.SZ...
[2026-03-28 19:28:01]   ✅ 获取 297条记录
[2026-03-28 19:28:02] 获取 ETF 日线行情：159840.SZ...
[2026-03-28 19:28:02]   ✅ 获取 297条记录
[2026-03-28 19:28:02] 获取 ETF 日线行情：159841.SZ...
[2026-03-28 19:28:02]   ✅ 获取 297条记录
[2026-03-28 19:28:02] 获取 ETF 日线行情：159842.SZ...
[2026-03-28 19:28:02]   ✅ 获取 297条记录
[2026-03-28 19:28:02] 获取 ETF 日线行情：159845.SZ...
[2026-03-28 19:28:02]   ✅ 获取 297条记录
[2026-03-28 19:28:02] 获取 ETF 日线行情：159847.SZ...
[2026-03-28 19:28:02]   ✅ 获取 297条记录
[2026-03-28 19:28:02] 获取 ETF 日线行情：159851.SZ...
[2026-03-28 19:28:02]   ✅ 获取 297条记录
[2026-03-28 19:28:03] 获取 ETF 日线行情：159852.SZ...
[2026-03-28 19:28:03]   ✅ 获取 297条记录
[2026-03-28 19:28:03] 获取 ETF 日线行情：159855.SZ...
[2026-03-28 19:28:03]   ✅ 获取 297条记录
[2026-03-28 19:28:03] 获取 ETF 日线行情：159857.SZ...
[2026-03-28 19:28:03]   ✅ 获取 297条记录
[2026-03-28 19:28:03] 获取 ETF 日线行情：159858.SZ...
[2026-03-28 19:28:03]   ✅ 获取 297条记录
[2026-03-28 19:28:03] 获取 ETF 日线行情：159859.SZ...
[2026-03-28 19:28:03]   ✅ 获取 297条记录
[2026-03-28 19:28:03] 获取 ETF 日线行情：159864.SZ...
[2026-03-28 19:28:03]   ✅ 获取 297条记录
[2026-03-28 19:28:04] 获取 ETF 日线行情：159865.SZ...
[2026-03-28 19:28:04]   ✅ 获取 297条记录
[2026-03-28 19:28:04] 获取 ETF 日线行情：159866.SZ...
[2026-03-28 19:28:04]   ✅ 获取 297条记录
[2026-03-28 19:28:04] 获取 ETF 日线行情：159867.SZ...
[2026-03-28 19:28:04]   ✅ 获取 297条记录
[2026-03-28 19:28:04] 获取 ETF 日线行情：159869.SZ...
[2026-03-28 19:28:04]   ✅ 获取 297条记录
[2026-03-28 19:28:04] 获取 ETF 日线行情：159870.SZ...
[2026-03-28 19:28:04]   ✅ 获取 297条记录
[2026-03-28 19:28:04] 获取 ETF 日线行情：159871.SZ...
[2026-03-28 19:28:05]   ✅ 获取 297条记录
[2026-03-28 19:28:05] 获取 ETF 日线行情：159873.SZ...
[2026-03-28 19:28:05]   ✅ 获取 297条记录
[2026-03-28 19:28:05] 获取 ETF 日线行情：159875.SZ...
[2026-03-28 19:28:05]   ✅ 获取 297条记录
[2026-03-28 19:28:05] 获取 ETF 日线行情：159876.SZ...
[2026-03-28 19:28:05]   ✅ 获取 297条记录
[2026-03-28 19:28:05] 获取 ETF 日线行情：159880.SZ...
[2026-03-28 19:28:05]   ✅ 获取 297条记录
[2026-03-28 19:28:05] 获取 ETF 日线行情：159881.SZ...
[2026-03-28 19:28:05]   ✅ 获取 297条记录
[2026-03-28 19:28:06] 获取 ETF 日线行情：159883.SZ...
[2026-03-28 19:28:06]   ✅ 获取 297条记录
[2026-03-28 19:28:06] 获取 ETF 日线行情：159887.SZ...
[2026-03-28 19:28:06]   ✅ 获取 297条记录
[2026-03-28 19:28:06] 获取 ETF 日线行情：159890.SZ...
[2026-03-28 19:28:06]   ✅ 获取 297条记录
[2026-03-28 19:28:06] 获取 ETF 日线行情：159892.SZ...
[2026-03-28 19:28:06]   ✅ 获取 297条记录
[2026-03-28 19:28:06] 获取 ETF 日线行情：159898.SZ...
[2026-03-28 19:28:06]   ✅ 获取 297条记录
[2026-03-28 19:28:06] 获取 ETF 日线行情：159899.SZ...
[2026-03-28 19:28:06]   ✅ 获取 297条记录
[2026-03-28 19:28:07] 获取 ETF 日线行情：159901.SZ...
[2026-03-28 19:28:07]   ✅ 获取 297条记录
[2026-03-28 19:28:07] 获取 ETF 日线行情：159903.SZ...
[2026-03-28 19:28:07]   ✅ 获取 297条记录
[2026-03-28 19:28:07] 获取 ETF 日线行情：159905.SZ...
[2026-03-28 19:28:07]   ✅ 获取 297条记录
[2026-03-28 19:28:07] 获取 ETF 日线行情：159908.SZ...
[2026-03-28 19:28:07]   ✅ 获取 297条记录
[2026-03-28 19:28:07] 获取 ETF 日线行情：159915.SZ...
[2026-03-28 19:28:07]   ✅ 获取 297条记录
[2026-03-28 19:28:07] 获取 ETF 日线行情：159919.SZ...
[2026-03-28 19:28:07]   ✅ 获取 297条记录
[2026-03-28 19:28:08] 获取 ETF 日线行情：159920.SZ...
[2026-03-28 19:28:08]   ✅ 获取 297条记录
[2026-03-28 19:28:08] 获取 ETF 日线行情：159922.SZ...
[2026-03-28 19:28:08]   ✅ 获取 297条记录
[2026-03-28 19:28:08] 获取 ETF 日线行情：159925.SZ...
[2026-03-28 19:28:08]   ✅ 获取 297条记录
[2026-03-28 19:28:08] 获取 ETF 日线行情：159928.SZ...
[2026-03-28 19:28:08]   ✅ 获取 297条记录
[2026-03-28 19:28:08] 获取 ETF 日线行情：159929.SZ...
[2026-03-28 19:28:08]   ✅ 获取 297条记录
[2026-03-28 19:28:08] 获取 ETF 日线行情：159930.SZ...
[2026-03-28 19:28:08]   ✅ 获取 297条记录
[2026-03-28 19:28:09] 获取 ETF 日线行情：159934.SZ...
[2026-03-28 19:28:09]   ✅ 获取 297条记录
[2026-03-28 19:28:09] 获取 ETF 日线行情：159937.SZ...
[2026-03-28 19:28:09]   ✅ 获取 297条记录
[2026-03-28 19:28:09] 获取 ETF 日线行情：159938.SZ...
[2026-03-28 19:28:09]   ✅ 获取 297条记录
[2026-03-28 19:28:09] 获取 ETF 日线行情：159939.SZ...
[2026-03-28 19:28:09]   ✅ 获取 297条记录
[2026-03-28 19:28:09] 获取 ETF 日线行情：159941.SZ...
[2026-03-28 19:28:09]   ✅ 获取 297条记录
[2026-03-28 19:28:09] 获取 ETF 日线行情：159943.SZ...
[2026-03-28 19:28:09]   ✅ 获取 297条记录
[2026-03-28 19:28:10] 获取 ETF 日线行情：159944.SZ...
[2026-03-28 19:28:10]   ✅ 获取 297条记录
[2026-03-28 19:28:10] 获取 ETF 日线行情：159945.SZ...
[2026-03-28 19:28:10]   ✅ 获取 297条记录
[2026-03-28 19:28:10] 获取 ETF 日线行情：159948.SZ...
[2026-03-28 19:28:10]   ✅ 获取 297条记录
[2026-03-28 19:28:10] 获取 ETF 日线行情：159949.SZ...
[2026-03-28 19:28:10]   ✅ 获取 297条记录
[2026-03-28 19:28:10] 获取 ETF 日线行情：159952.SZ...
[2026-03-28 19:28:10]   ✅ 获取 297条记录
[2026-03-28 19:28:10] 获取 ETF 日线行情：159957.SZ...
[2026-03-28 19:28:10]   ✅ 获取 297条记录
[2026-03-28 19:28:11] 获取 ETF 日线行情：159967.SZ...
[2026-03-28 19:28:11]   ✅ 获取 297条记录
[2026-03-28 19:28:11] 获取 ETF 日线行情：159968.SZ...
[2026-03-28 19:28:11]   ✅ 获取 297条记录
[2026-03-28 19:28:11] 获取 ETF 日线行情：159971.SZ...
[2026-03-28 19:28:11]   ✅ 获取 297条记录
[2026-03-28 19:28:11] 获取 ETF 日线行情：159977.SZ...
[2026-03-28 19:28:11]   ✅ 获取 297条记录
[2026-03-28 19:28:11] 获取 ETF 日线行情：159980.SZ...
[2026-03-28 19:28:11]   ✅ 获取 297条记录
[2026-03-28 19:28:11] 获取 ETF 日线行情：159981.SZ...
[2026-03-28 19:28:11]   ✅ 获取 297条记录
[2026-03-28 19:28:12] 获取 ETF 日线行情：159982.SZ...
[2026-03-28 19:28:12]   ✅ 获取 297条记录
[2026-03-28 19:28:12] 获取 ETF 日线行情：159985.SZ...
[2026-03-28 19:28:12]   ✅ 获取 297条记录
[2026-03-28 19:28:12] 获取 ETF 日线行情：159992.SZ...
[2026-03-28 19:28:12]   ✅ 获取 297条记录
[2026-03-28 19:28:12] 获取 ETF 日线行情：159993.SZ...
[2026-03-28 19:28:12]   ✅ 获取 297条记录
[2026-03-28 19:28:12] 获取 ETF 日线行情：159994.SZ...
[2026-03-28 19:28:12]   ✅ 获取 297条记录
[2026-03-28 19:28:12] 获取 ETF 日线行情：159995.SZ...
[2026-03-28 19:28:12]   ✅ 获取 297条记录
[2026-03-28 19:28:13] 获取 ETF 日线行情：159996.SZ...
[2026-03-28 19:28:13]   ✅ 获取 297条记录
[2026-03-28 19:28:13] 获取 ETF 日线行情：159997.SZ...
[2026-03-28 19:28:13]   ✅ 获取 297条记录
[2026-03-28 19:28:13] 获取 ETF 日线行情：159998.SZ...
[2026-03-28 19:28:13]   ✅ 获取 297条记录
[2026-03-28 19:28:13] 获取 ETF 日线行情：510050.SH...
[2026-03-28 19:28:13]   ✅ 获取 297条记录
[2026-03-28 19:28:13] 获取 ETF 日线行情：510100.SH...
[2026-03-28 19:28:13]   ✅ 获取 297条记录
[2026-03-28 19:28:13] 获取 ETF 日线行情：510150.SH...
[2026-03-28 19:28:13]   ✅ 获取 297条记录
[2026-03-28 19:28:14] 获取 ETF 日线行情：510170.SH...
[2026-03-28 19:28:14]   ✅ 获取 297条记录
[2026-03-28 19:28:14] 获取 ETF 日线行情：510180.SH...
[2026-03-28 19:28:14]   ✅ 获取 297条记录
[2026-03-28 19:28:14] 获取 ETF 日线行情：510210.SH...
[2026-03-28 19:28:14]   ✅ 获取 297条记录
[2026-03-28 19:28:14] 获取 ETF 日线行情：510230.SH...
[2026-03-28 19:28:14]   ✅ 获取 297条记录
[2026-03-28 19:28:14] 获取 ETF 日线行情：510300.SH...
[2026-03-28 19:28:14]   ✅ 获取 297条记录
[2026-03-28 19:28:14] 获取 ETF 日线行情：510310.SH...
[2026-03-28 19:28:14]   ✅ 获取 297条记录
[2026-03-28 19:28:15] 获取 ETF 日线行情：510320.SH...
[2026-03-28 19:28:15]   ✅ 获取 223条记录
[2026-03-28 19:28:15] 获取 ETF 日线行情：510330.SH...
[2026-03-28 19:28:15]   ✅ 获取 297条记录
[2026-03-28 19:28:15] 获取 ETF 日线行情：510350.SH...
[2026-03-28 19:28:15]   ✅ 获取 297条记录
[2026-03-28 19:28:15] 获取 ETF 日线行情：510360.SH...
[2026-03-28 19:28:15]   ✅ 获取 297条记录
[2026-03-28 19:28:15] 获取 ETF 日线行情：510410.SH...
[2026-03-28 19:28:15]   ✅ 获取 297条记录
[2026-03-28 19:28:15] 获取 ETF 日线行情：510500.SH...
[2026-03-28 19:28:15]   ✅ 获取 297条记录
[2026-03-28 19:28:16] 获取 ETF 日线行情：510510.SH...
[2026-03-28 19:28:16]   ✅ 获取 297条记录
[2026-03-28 19:28:16] 获取 ETF 日线行情：510580.SH...
[2026-03-28 19:28:16]   ✅ 获取 297条记录
[2026-03-28 19:28:16] 获取 ETF 日线行情：510630.SH...
[2026-03-28 19:28:16]   ✅ 获取 297条记录
[2026-03-28 19:28:16] 获取 ETF 日线行情：510720.SH...
[2026-03-28 19:28:16]   ✅ 获取 297条记录
[2026-03-28 19:28:16] 获取 ETF 日线行情：510760.SH...
[2026-03-28 19:28:16]   ✅ 获取 297条记录
[2026-03-28 19:28:16] 获取 ETF 日线行情：510850.SH...
[2026-03-28 19:28:16]   ✅ 获取 297条记录
[2026-03-28 19:28:17] 获取 ETF 日线行情：510880.SH...
[2026-03-28 19:28:17]   ✅ 获取 297条记录
[2026-03-28 19:28:17] 获取 ETF 日线行情：510900.SH...
[2026-03-28 19:28:17]   ✅ 获取 297条记录
[2026-03-28 19:28:17] 获取 ETF 日线行情：510950.SH...
[2026-03-28 19:28:17]   ✅ 获取 297条记录
[2026-03-28 19:28:17] 获取 ETF 日线行情：510980.SH...
[2026-03-28 19:28:17]   ✅ 获取 297条记录
[2026-03-28 19:28:17] 获取 ETF 日线行情：511620.SH...
[2026-03-28 19:28:17]   ✅ 获取 297条记录
[2026-03-28 19:28:17] 获取 ETF 日线行情：511660.SH...
[2026-03-28 19:28:17]   ✅ 获取 297条记录
[2026-03-28 19:28:18] 获取 ETF 日线行情：511690.SH...
[2026-03-28 19:28:18]   ✅ 获取 297条记录
[2026-03-28 19:28:18] 获取 ETF 日线行情：511700.SH...
[2026-03-28 19:28:18]   ✅ 获取 297条记录
[2026-03-28 19:28:18] 获取 ETF 日线行情：511850.SH...
[2026-03-28 19:28:18]   ✅ 获取 297条记录
[2026-03-28 19:28:18]   已加载 400/608只
[2026-03-28 19:28:18] 获取 ETF 日线行情：511880.SH...
[2026-03-28 19:28:18]   ✅ 获取 297条记录
[2026-03-28 19:28:18] 获取 ETF 日线行情：511900.SH...
[2026-03-28 19:28:18]   ✅ 获取 297条记录
[2026-03-28 19:28:18] 获取 ETF 日线行情：511990.SH...
[2026-03-28 19:28:18]   ✅ 获取 297条记录
[2026-03-28 19:28:19] 获取 ETF 日线行情：512000.SH...
[2026-03-28 19:28:19]   ✅ 获取 297条记录
[2026-03-28 19:28:19] 获取 ETF 日线行情：512010.SH...
[2026-03-28 19:28:19]   ✅ 获取 297条记录
[2026-03-28 19:28:19] 获取 ETF 日线行情：512020.SH...
[2026-03-28 19:28:19]   ✅ 获取 297条记录
[2026-03-28 19:28:19] 获取 ETF 日线行情：512040.SH...
[2026-03-28 19:28:19]   ✅ 获取 297条记录
[2026-03-28 19:28:19] 获取 ETF 日线行情：512050.SH...
[2026-03-28 19:28:19]   ✅ 获取 297条记录
[2026-03-28 19:28:19] 获取 ETF 日线行情：512070.SH...
[2026-03-28 19:28:19]   ✅ 获取 297条记录
[2026-03-28 19:28:20] 获取 ETF 日线行情：512080.SH...
[2026-03-28 19:28:20]   ✅ 获取 284条记录
[2026-03-28 19:28:20] 获取 ETF 日线行情：512090.SH...
[2026-03-28 19:28:20]   ✅ 获取 297条记录
[2026-03-28 19:28:20] 获取 ETF 日线行情：512100.SH...
[2026-03-28 19:28:20]   ✅ 获取 297条记录
[2026-03-28 19:28:20] 获取 ETF 日线行情：512120.SH...
[2026-03-28 19:28:20]   ✅ 获取 297条记录
[2026-03-28 19:28:20] 获取 ETF 日线行情：512170.SH...
[2026-03-28 19:28:20]   ✅ 获取 297条记录
[2026-03-28 19:28:20] 获取 ETF 日线行情：512200.SH...
[2026-03-28 19:28:20]   ✅ 获取 297条记录
[2026-03-28 19:28:21] 获取 ETF 日线行情：512290.SH...
[2026-03-28 19:28:21]   ✅ 获取 297条记录
[2026-03-28 19:28:21] 获取 ETF 日线行情：512400.SH...
[2026-03-28 19:28:21]   ✅ 获取 297条记录
[2026-03-28 19:28:21] 获取 ETF 日线行情：512460.SH...
[2026-03-28 19:28:21]   ✅ 获取 6条记录
[2026-03-28 19:28:21] 获取 ETF 日线行情：512480.SH...
[2026-03-28 19:28:21]   ✅ 获取 297条记录
[2026-03-28 19:28:21] 获取 ETF 日线行情：512500.SH...
[2026-03-28 19:28:21]   ✅ 获取 297条记录
[2026-03-28 19:28:21] 获取 ETF 日线行情：512510.SH...
[2026-03-28 19:28:21]   ✅ 获取 297条记录
[2026-03-28 19:28:21] 获取 ETF 日线行情：512560.SH...
[2026-03-28 19:28:22]   ✅ 获取 297条记录
[2026-03-28 19:28:22] 获取 ETF 日线行情：512570.SH...
[2026-03-28 19:28:22]   ✅ 获取 297条记录
[2026-03-28 19:28:22] 获取 ETF 日线行情：512580.SH...
[2026-03-28 19:28:22]   ✅ 获取 297条记录
[2026-03-28 19:28:22] 获取 ETF 日线行情：512630.SH...
[2026-03-28 19:28:22]   ✅ 获取 105条记录
[2026-03-28 19:28:22] 获取 ETF 日线行情：512660.SH...
[2026-03-28 19:28:22]   ✅ 获取 297条记录
[2026-03-28 19:28:22] 获取 ETF 日线行情：512670.SH...
[2026-03-28 19:28:22]   ✅ 获取 297条记录
[2026-03-28 19:28:22] 获取 ETF 日线行情：512680.SH...
[2026-03-28 19:28:23]   ✅ 获取 297条记录
[2026-03-28 19:28:23] 获取 ETF 日线行情：512690.SH...
[2026-03-28 19:28:23]   ✅ 获取 297条记录
[2026-03-28 19:28:23] 获取 ETF 日线行情：512700.SH...
[2026-03-28 19:28:23]   ✅ 获取 297条记录
[2026-03-28 19:28:23] 获取 ETF 日线行情：512710.SH...
[2026-03-28 19:28:23]   ✅ 获取 297条记录
[2026-03-28 19:28:23] 获取 ETF 日线行情：512720.SH...
[2026-03-28 19:28:23]   ✅ 获取 297条记录
[2026-03-28 19:28:23] 获取 ETF 日线行情：512760.SH...
[2026-03-28 19:28:23]   ✅ 获取 297条记录
[2026-03-28 19:28:23] 获取 ETF 日线行情：512800.SH...
[2026-03-28 19:28:24]   ✅ 获取 297条记录
[2026-03-28 19:28:24] 获取 ETF 日线行情：512810.SH...
[2026-03-28 19:28:24]   ✅ 获取 297条记录
[2026-03-28 19:28:24] 获取 ETF 日线行情：512820.SH...
[2026-03-28 19:28:24]   ✅ 获取 297条记录
[2026-03-28 19:28:24] 获取 ETF 日线行情：512880.SH...
[2026-03-28 19:28:24]   ✅ 获取 297条记录
[2026-03-28 19:28:24] 获取 ETF 日线行情：512890.SH...
[2026-03-28 19:28:24]   ✅ 获取 297条记录
[2026-03-28 19:28:24] 获取 ETF 日线行情：512900.SH...
[2026-03-28 19:28:24]   ✅ 获取 297条记录
[2026-03-28 19:28:24] 获取 ETF 日线行情：512910.SH...
[2026-03-28 19:28:25]   ✅ 获取 297条记录
[2026-03-28 19:28:25] 获取 ETF 日线行情：512930.SH...
[2026-03-28 19:28:25]   ✅ 获取 297条记录
[2026-03-28 19:28:25] 获取 ETF 日线行情：512940.SH...
[2026-03-28 19:28:25]   ✅ 获取 22条记录
[2026-03-28 19:28:25] 获取 ETF 日线行情：512950.SH...
[2026-03-28 19:28:25]   ✅ 获取 297条记录
[2026-03-28 19:28:25] 获取 ETF 日线行情：512980.SH...
[2026-03-28 19:28:25]   ✅ 获取 297条记录
[2026-03-28 19:28:25] 获取 ETF 日线行情：513000.SH...
[2026-03-28 19:28:25]   ✅ 获取 297条记录
[2026-03-28 19:28:25] 获取 ETF 日线行情：513010.SH...
[2026-03-28 19:28:25]   ✅ 获取 297条记录
[2026-03-28 19:28:26] 获取 ETF 日线行情：513020.SH...
[2026-03-28 19:28:26]   ✅ 获取 297条记录
[2026-03-28 19:28:26] 获取 ETF 日线行情：513030.SH...
[2026-03-28 19:28:26]   ✅ 获取 296条记录
[2026-03-28 19:28:26] 获取 ETF 日线行情：513040.SH...
[2026-03-28 19:28:26]   ✅ 获取 297条记录
[2026-03-28 19:28:26] 获取 ETF 日线行情：513050.SH...
[2026-03-28 19:28:26]   ✅ 获取 297条记录
[2026-03-28 19:28:26] 获取 ETF 日线行情：513060.SH...
[2026-03-28 19:28:26]   ✅ 获取 297条记录
[2026-03-28 19:28:26] 获取 ETF 日线行情：513070.SH...
[2026-03-28 19:28:26]   ✅ 获取 297条记录
[2026-03-28 19:28:27] 获取 ETF 日线行情：513080.SH...
[2026-03-28 19:28:27]   ✅ 获取 296条记录
[2026-03-28 19:28:27] 获取 ETF 日线行情：513090.SH...
[2026-03-28 19:28:27]   ✅ 获取 297条记录
[2026-03-28 19:28:27] 获取 ETF 日线行情：513100.SH...
[2026-03-28 19:28:27]   ✅ 获取 297条记录
[2026-03-28 19:28:27] 获取 ETF 日线行情：513110.SH...
[2026-03-28 19:28:27]   ✅ 获取 297条记录
[2026-03-28 19:28:27] 获取 ETF 日线行情：513120.SH...
[2026-03-28 19:28:27]   ✅ 获取 297条记录
[2026-03-28 19:28:27] 获取 ETF 日线行情：513130.SH...
[2026-03-28 19:28:27]   ✅ 获取 297条记录
[2026-03-28 19:28:28] 获取 ETF 日线行情：513140.SH...
[2026-03-28 19:28:28]   ✅ 获取 297条记录
[2026-03-28 19:28:28] 获取 ETF 日线行情：513150.SH...
[2026-03-28 19:28:28]   ✅ 获取 297条记录
[2026-03-28 19:28:28] 获取 ETF 日线行情：513160.SH...
[2026-03-28 19:28:28]   ✅ 获取 297条记录
[2026-03-28 19:28:28] 获取 ETF 日线行情：513170.SH...
[2026-03-28 19:28:28]   ✅ 获取 297条记录
[2026-03-28 19:28:28] 获取 ETF 日线行情：513180.SH...
[2026-03-28 19:28:28]   ✅ 获取 297条记录
[2026-03-28 19:28:28] 获取 ETF 日线行情：513190.SH...
[2026-03-28 19:28:29]   ✅ 获取 297条记录
[2026-03-28 19:28:29] 获取 ETF 日线行情：513200.SH...
[2026-03-28 19:28:29]   ✅ 获取 297条记录
[2026-03-28 19:28:29] 获取 ETF 日线行情：513220.SH...
[2026-03-28 19:28:29]   ✅ 获取 297条记录
[2026-03-28 19:28:29] 获取 ETF 日线行情：513230.SH...
[2026-03-28 19:28:29]   ✅ 获取 297条记录
[2026-03-28 19:28:29] 获取 ETF 日线行情：513260.SH...
[2026-03-28 19:28:29]   ✅ 获取 297条记录
[2026-03-28 19:28:29] 获取 ETF 日线行情：513280.SH...
[2026-03-28 19:28:29]   ✅ 获取 297条记录
[2026-03-28 19:28:29] 获取 ETF 日线行情：513290.SH...
[2026-03-28 19:28:30]   ✅ 获取 297条记录
[2026-03-28 19:28:30] 获取 ETF 日线行情：513300.SH...
[2026-03-28 19:28:30]   ✅ 获取 297条记录
[2026-03-28 19:28:30] 获取 ETF 日线行情：513310.SH...
[2026-03-28 19:28:30]   ✅ 获取 297条记录
[2026-03-28 19:28:30] 获取 ETF 日线行情：513320.SH...
[2026-03-28 19:28:30]   ✅ 获取 297条记录
[2026-03-28 19:28:30] 获取 ETF 日线行情：513330.SH...
[2026-03-28 19:28:30]   ✅ 获取 297条记录
[2026-03-28 19:28:30] 获取 ETF 日线行情：513350.SH...
[2026-03-28 19:28:30]   ✅ 获取 296条记录
[2026-03-28 19:28:30] 获取 ETF 日线行情：513360.SH...
[2026-03-28 19:28:31]   ✅ 获取 296条记录
[2026-03-28 19:28:31] 获取 ETF 日线行情：513380.SH...
[2026-03-28 19:28:31]   ✅ 获取 297条记录
[2026-03-28 19:28:31] 获取 ETF 日线行情：513390.SH...
[2026-03-28 19:28:31]   ✅ 获取 297条记录
[2026-03-28 19:28:31] 获取 ETF 日线行情：513400.SH...
[2026-03-28 19:28:31]   ✅ 获取 297条记录
[2026-03-28 19:28:31] 获取 ETF 日线行情：513500.SH...
[2026-03-28 19:28:31]   ✅ 获取 297条记录
[2026-03-28 19:28:31] 获取 ETF 日线行情：513520.SH...
[2026-03-28 19:28:31]   ✅ 获取 297条记录
[2026-03-28 19:28:32] 获取 ETF 日线行情：513530.SH...
[2026-03-28 19:28:32]   ✅ 获取 297条记录
[2026-03-28 19:28:32] 获取 ETF 日线行情：513550.SH...
[2026-03-28 19:28:32]   ✅ 获取 297条记录
[2026-03-28 19:28:32] 获取 ETF 日线行情：513560.SH...
[2026-03-28 19:28:32]   ✅ 获取 297条记录
[2026-03-28 19:28:32] 获取 ETF 日线行情：513580.SH...
[2026-03-28 19:28:32]   ✅ 获取 297条记录
[2026-03-28 19:28:32] 获取 ETF 日线行情：513600.SH...
[2026-03-28 19:28:32]   ✅ 获取 297条记录
[2026-03-28 19:28:32] 获取 ETF 日线行情：513630.SH...
[2026-03-28 19:28:32]   ✅ 获取 297条记录
[2026-03-28 19:28:33] 获取 ETF 日线行情：513650.SH...
[2026-03-28 19:28:33]   ✅ 获取 297条记录
[2026-03-28 19:28:33] 获取 ETF 日线行情：513660.SH...
[2026-03-28 19:28:33]   ✅ 获取 297条记录
[2026-03-28 19:28:33] 获取 ETF 日线行情：513690.SH...
[2026-03-28 19:28:33]   ✅ 获取 297条记录
[2026-03-28 19:28:33] 获取 ETF 日线行情：513700.SH...
[2026-03-28 19:28:33]   ✅ 获取 297条记录
[2026-03-28 19:28:33] 获取 ETF 日线行情：513720.SH...
[2026-03-28 19:28:33]   ✅ 获取 50条记录
[2026-03-28 19:28:33] 获取 ETF 日线行情：513730.SH...
[2026-03-28 19:28:33]   ✅ 获取 297条记录
[2026-03-28 19:28:33] 获取 ETF 日线行情：513750.SH...
[2026-03-28 19:28:34]   ✅ 获取 297条记录
[2026-03-28 19:28:34] 获取 ETF 日线行情：513770.SH...
[2026-03-28 19:28:34]   ✅ 获取 297条记录
[2026-03-28 19:28:34] 获取 ETF 日线行情：513780.SH...
[2026-03-28 19:28:34]   ✅ 获取 297条记录
[2026-03-28 19:28:34] 获取 ETF 日线行情：513800.SH...
[2026-03-28 19:28:34]   ✅ 获取 297条记录
[2026-03-28 19:28:34] 获取 ETF 日线行情：513820.SH...
[2026-03-28 19:28:34]   ✅ 获取 297条记录
[2026-03-28 19:28:34] 获取 ETF 日线行情：513850.SH...
[2026-03-28 19:28:34]   ✅ 获取 297条记录
[2026-03-28 19:28:34] 获取 ETF 日线行情：513860.SH...
[2026-03-28 19:28:35]   ✅ 获取 297条记录
[2026-03-28 19:28:35]   已加载 500/608只
[2026-03-28 19:28:35] 获取 ETF 日线行情：513870.SH...
[2026-03-28 19:28:35]   ✅ 获取 297条记录
[2026-03-28 19:28:35] 获取 ETF 日线行情：513880.SH...
[2026-03-28 19:28:35]   ✅ 获取 297条记录
[2026-03-28 19:28:35] 获取 ETF 日线行情：513890.SH...
[2026-03-28 19:28:35]   ✅ 获取 297条记录
[2026-03-28 19:28:35] 获取 ETF 日线行情：513900.SH...
[2026-03-28 19:28:35]   ✅ 获取 297条记录
[2026-03-28 19:28:35] 获取 ETF 日线行情：513910.SH...
[2026-03-28 19:28:35]   ✅ 获取 297条记录
[2026-03-28 19:28:35] 获取 ETF 日线行情：513920.SH...
[2026-03-28 19:28:36]   ✅ 获取 297条记录
[2026-03-28 19:28:36] 获取 ETF 日线行情：513930.SH...
[2026-03-28 19:28:36]   ✅ 获取 8条记录
[2026-03-28 19:28:36] 获取 ETF 日线行情：513950.SH...
[2026-03-28 19:28:36]   ✅ 获取 297条记录
[2026-03-28 19:28:36] 获取 ETF 日线行情：513970.SH...
[2026-03-28 19:28:36]   ✅ 获取 297条记录
[2026-03-28 19:28:36] 获取 ETF 日线行情：513980.SH...
[2026-03-28 19:28:36]   ✅ 获取 297条记录
[2026-03-28 19:28:36] 获取 ETF 日线行情：513990.SH...
[2026-03-28 19:28:36]   ✅ 获取 297条记录
[2026-03-28 19:28:36] 获取 ETF 日线行情：515000.SH...
[2026-03-28 19:28:37]   ✅ 获取 297条记录
[2026-03-28 19:28:37] 获取 ETF 日线行情：515010.SH...
[2026-03-28 19:28:37]   ✅ 获取 297条记录
[2026-03-28 19:28:37] 获取 ETF 日线行情：515020.SH...
[2026-03-28 19:28:37]   ✅ 获取 297条记录
[2026-03-28 19:28:37] 获取 ETF 日线行情：515030.SH...
[2026-03-28 19:28:37]   ✅ 获取 297条记录
[2026-03-28 19:28:37] 获取 ETF 日线行情：515050.SH...
[2026-03-28 19:28:37]   ✅ 获取 297条记录
[2026-03-28 19:28:37] 获取 ETF 日线行情：515060.SH...
[2026-03-28 19:28:37]   ✅ 获取 297条记录
[2026-03-28 19:28:37] 获取 ETF 日线行情：515070.SH...
[2026-03-28 19:28:38]   ✅ 获取 297条记录
[2026-03-28 19:28:38] 获取 ETF 日线行情：515080.SH...
[2026-03-28 19:28:38]   ✅ 获取 297条记录
[2026-03-28 19:28:38] 获取 ETF 日线行情：515100.SH...
[2026-03-28 19:28:38]   ✅ 获取 297条记录
[2026-03-28 19:28:38] 获取 ETF 日线行情：515120.SH...
[2026-03-28 19:28:38]   ✅ 获取 297条记录
[2026-03-28 19:28:38] 获取 ETF 日线行情：515170.SH...
[2026-03-28 19:28:38]   ✅ 获取 297条记录
[2026-03-28 19:28:38] 获取 ETF 日线行情：515180.SH...
[2026-03-28 19:28:38]   ✅ 获取 297条记录
[2026-03-28 19:28:38] 获取 ETF 日线行情：515210.SH...
[2026-03-28 19:28:39]   ✅ 获取 297条记录
[2026-03-28 19:28:39] 获取 ETF 日线行情：515220.SH...
[2026-03-28 19:28:39]   ✅ 获取 297条记录
[2026-03-28 19:28:39] 获取 ETF 日线行情：515230.SH...
[2026-03-28 19:28:39]   ✅ 获取 297条记录
[2026-03-28 19:28:39] 获取 ETF 日线行情：515250.SH...
[2026-03-28 19:28:39]   ✅ 获取 297条记录
[2026-03-28 19:28:39] 获取 ETF 日线行情：515260.SH...
[2026-03-28 19:28:39]   ✅ 获取 297条记录
[2026-03-28 19:28:39] 获取 ETF 日线行情：515290.SH...
[2026-03-28 19:28:39]   ✅ 获取 297条记录
[2026-03-28 19:28:39] 获取 ETF 日线行情：515300.SH...
[2026-03-28 19:28:40]   ✅ 获取 297条记录
[2026-03-28 19:28:40] 获取 ETF 日线行情：515310.SH...
[2026-03-28 19:28:40]   ✅ 获取 297条记录
[2026-03-28 19:28:40] 获取 ETF 日线行情：515330.SH...
[2026-03-28 19:28:40]   ✅ 获取 297条记录
[2026-03-28 19:28:40] 获取 ETF 日线行情：515370.SH...
[2026-03-28 19:28:40]   ✅ 获取 86条记录
[2026-03-28 19:28:40] 获取 ETF 日线行情：515380.SH...
[2026-03-28 19:28:40]   ✅ 获取 297条记录
[2026-03-28 19:28:40] 获取 ETF 日线行情：515390.SH...
[2026-03-28 19:28:40]   ✅ 获取 297条记录
[2026-03-28 19:28:40] 获取 ETF 日线行情：515400.SH...
[2026-03-28 19:28:41]   ✅ 获取 297条记录
[2026-03-28 19:28:41] 获取 ETF 日线行情：515450.SH...
[2026-03-28 19:28:41]   ✅ 获取 297条记录
[2026-03-28 19:28:41] 获取 ETF 日线行情：515460.SH...
[2026-03-28 19:28:41]   ✅ 获取 10条记录
[2026-03-28 19:28:41] 获取 ETF 日线行情：515560.SH...
[2026-03-28 19:28:41]   ✅ 获取 297条记录
[2026-03-28 19:28:41] 获取 ETF 日线行情：515630.SH...
[2026-03-28 19:28:41]   ✅ 获取 297条记录
[2026-03-28 19:28:41] 获取 ETF 日线行情：515650.SH...
[2026-03-28 19:28:41]   ✅ 获取 297条记录
[2026-03-28 19:28:41] 获取 ETF 日线行情：515700.SH...
[2026-03-28 19:28:41]   ✅ 获取 297条记录
[2026-03-28 19:28:42] 获取 ETF 日线行情：515710.SH...
[2026-03-28 19:28:42]   ✅ 获取 297条记录
[2026-03-28 19:28:42] 获取 ETF 日线行情：515750.SH...
[2026-03-28 19:28:42]   ✅ 获取 297条记录
[2026-03-28 19:28:42] 获取 ETF 日线行情：515790.SH...
[2026-03-28 19:28:42]   ✅ 获取 297条记录
[2026-03-28 19:28:42] 获取 ETF 日线行情：515800.SH...
[2026-03-28 19:28:42]   ✅ 获取 297条记录
[2026-03-28 19:28:42] 获取 ETF 日线行情：515850.SH...
[2026-03-28 19:28:42]   ✅ 获取 297条记录
[2026-03-28 19:28:42] 获取 ETF 日线行情：515880.SH...
[2026-03-28 19:28:42]   ✅ 获取 297条记录
[2026-03-28 19:28:43] 获取 ETF 日线行情：515950.SH...
[2026-03-28 19:28:43]   ✅ 获取 297条记录
[2026-03-28 19:28:43] 获取 ETF 日线行情：515970.SH...
[2026-03-28 19:28:43]   ✅ 获取 26条记录
[2026-03-28 19:28:43] 获取 ETF 日线行情：515980.SH...
[2026-03-28 19:28:43]   ✅ 获取 297条记录
[2026-03-28 19:28:43] 获取 ETF 日线行情：516000.SH...
[2026-03-28 19:28:43]   ✅ 获取 297条记录
[2026-03-28 19:28:43] 获取 ETF 日线行情：516010.SH...
[2026-03-28 19:28:43]   ✅ 获取 297条记录
[2026-03-28 19:28:43] 获取 ETF 日线行情：516020.SH...
[2026-03-28 19:28:43]   ✅ 获取 297条记录
[2026-03-28 19:28:44] 获取 ETF 日线行情：516060.SH...
[2026-03-28 19:28:44]   ✅ 获取 297条记录
[2026-03-28 19:28:44] 获取 ETF 日线行情：516080.SH...
[2026-03-28 19:28:44]   ✅ 获取 297条记录
[2026-03-28 19:28:44] 获取 ETF 日线行情：516090.SH...
[2026-03-28 19:28:44]   ✅ 获取 297条记录
[2026-03-28 19:28:44] 获取 ETF 日线行情：516100.SH...
[2026-03-28 19:28:44]   ✅ 获取 297条记录
[2026-03-28 19:28:44] 获取 ETF 日线行情：516110.SH...
[2026-03-28 19:28:44]   ✅ 获取 297条记录
[2026-03-28 19:28:44] 获取 ETF 日线行情：516120.SH...
[2026-03-28 19:28:44]   ✅ 获取 297条记录
[2026-03-28 19:28:45] 获取 ETF 日线行情：516130.SH...
[2026-03-28 19:28:45]   ✅ 获取 297条记录
[2026-03-28 19:28:45] 获取 ETF 日线行情：516150.SH...
[2026-03-28 19:28:45]   ✅ 获取 297条记录
[2026-03-28 19:28:45] 获取 ETF 日线行情：516160.SH...
[2026-03-28 19:28:45]   ✅ 获取 297条记录
[2026-03-28 19:28:45] 获取 ETF 日线行情：516190.SH...
[2026-03-28 19:28:45]   ✅ 获取 297条记录
[2026-03-28 19:28:45] 获取 ETF 日线行情：516210.SH...
[2026-03-28 19:28:45]   ✅ 获取 297条记录
[2026-03-28 19:28:45] 获取 ETF 日线行情：516220.SH...
[2026-03-28 19:28:45]   ✅ 获取 297条记录
[2026-03-28 19:28:46] 获取 ETF 日线行情：516230.SH...
[2026-03-28 19:28:46]   ✅ 获取 33条记录
[2026-03-28 19:28:46] 获取 ETF 日线行情：516270.SH...
[2026-03-28 19:28:46]   ✅ 获取 297条记录
[2026-03-28 19:28:46] 获取 ETF 日线行情：516290.SH...
[2026-03-28 19:28:46]   ✅ 获取 297条记录
[2026-03-28 19:28:46] 获取 ETF 日线行情：516310.SH...
[2026-03-28 19:28:46]   ✅ 获取 297条记录
[2026-03-28 19:28:46] 获取 ETF 日线行情：516350.SH...
[2026-03-28 19:28:46]   ✅ 获取 297条记录
[2026-03-28 19:28:46] 获取 ETF 日线行情：516390.SH...
[2026-03-28 19:28:46]   ✅ 获取 297条记录
[2026-03-28 19:28:47] 获取 ETF 日线行情：516510.SH...
[2026-03-28 19:28:47]   ✅ 获取 297条记录
[2026-03-28 19:28:47] 获取 ETF 日线行情：516520.SH...
[2026-03-28 19:28:47]   ✅ 获取 297条记录
[2026-03-28 19:28:47] 获取 ETF 日线行情：516550.SH...
[2026-03-28 19:28:47]   ✅ 获取 297条记录
[2026-03-28 19:28:47] 获取 ETF 日线行情：516570.SH...
[2026-03-28 19:28:47]   ✅ 获取 297条记录
[2026-03-28 19:28:47] 获取 ETF 日线行情：516620.SH...
[2026-03-28 19:28:47]   ✅ 获取 297条记录
[2026-03-28 19:28:47] 获取 ETF 日线行情：516630.SH...
[2026-03-28 19:28:47]   ✅ 获取 297条记录
[2026-03-28 19:28:48] 获取 ETF 日线行情：516640.SH...
[2026-03-28 19:28:48]   ✅ 获取 297条记录
[2026-03-28 19:28:48] 获取 ETF 日线行情：516650.SH...
[2026-03-28 19:28:48]   ✅ 获取 297条记录
[2026-03-28 19:28:48] 获取 ETF 日线行情：516670.SH...
[2026-03-28 19:28:48]   ✅ 获取 297条记录
[2026-03-28 19:28:48] 获取 ETF 日线行情：516750.SH...
[2026-03-28 19:28:48]   ✅ 获取 297条记录
[2026-03-28 19:28:48] 获取 ETF 日线行情：516770.SH...
[2026-03-28 19:28:48]   ✅ 获取 297条记录
[2026-03-28 19:28:48] 获取 ETF 日线行情：516780.SH...
[2026-03-28 19:28:48]   ✅ 获取 297条记录
[2026-03-28 19:28:49] 获取 ETF 日线行情：516810.SH...
[2026-03-28 19:28:49]   ✅ 获取 297条记录
[2026-03-28 19:28:49] 获取 ETF 日线行情：516820.SH...
[2026-03-28 19:28:49]   ✅ 获取 297条记录
[2026-03-28 19:28:49] 获取 ETF 日线行情：516850.SH...
[2026-03-28 19:28:49]   ✅ 获取 297条记录
[2026-03-28 19:28:49] 获取 ETF 日线行情：516860.SH...
[2026-03-28 19:28:49]   ✅ 获取 297条记录
[2026-03-28 19:28:49] 获取 ETF 日线行情：516880.SH...
[2026-03-28 19:28:49]   ✅ 获取 297条记录
[2026-03-28 19:28:49] 获取 ETF 日线行情：516910.SH...
[2026-03-28 19:28:49]   ✅ 获取 297条记录
[2026-03-28 19:28:50] 获取 ETF 日线行情：516920.SH...
[2026-03-28 19:28:50]   ✅ 获取 297条记录
[2026-03-28 19:28:50] 获取 ETF 日线行情：516950.SH...
[2026-03-28 19:28:50]   ✅ 获取 297条记录
[2026-03-28 19:28:50] 获取 ETF 日线行情：516970.SH...
[2026-03-28 19:28:50]   ✅ 获取 297条记录
[2026-03-28 19:28:50] 获取 ETF 日线行情：517180.SH...
[2026-03-28 19:28:50]   ✅ 获取 297条记录
[2026-03-28 19:28:50] 获取 ETF 日线行情：517380.SH...
[2026-03-28 19:28:50]   ✅ 获取 297条记录
[2026-03-28 19:28:50] 获取 ETF 日线行情：517400.SH...
[2026-03-28 19:28:50]   ✅ 获取 297条记录
[2026-03-28 19:28:51] 获取 ETF 日线行情：517520.SH...
[2026-03-28 19:28:51]   ✅ 获取 297条记录
[2026-03-28 19:28:51] 获取 ETF 日线行情：517550.SH...
[2026-03-28 19:28:51]   ✅ 获取 297条记录
[2026-03-28 19:28:51] 获取 ETF 日线行情：517900.SH...
[2026-03-28 19:28:51]   ✅ 获取 297条记录
[2026-03-28 19:28:51] 获取 ETF 日线行情：517950.SH...
[2026-03-28 19:28:51]   ✅ 获取 64条记录
[2026-03-28 19:28:51]   已加载 600/608只
[2026-03-28 19:28:51] 获取 ETF 日线行情：518600.SH...
[2026-03-28 19:28:51]   ✅ 获取 297条记录
[2026-03-28 19:28:51] 获取 ETF 日线行情：518660.SH...
[2026-03-28 19:28:51]   ✅ 获取 297条记录
[2026-03-28 19:28:51] 获取 ETF 日线行情：518680.SH...
[2026-03-28 19:28:52]   ✅ 获取 297条记录
[2026-03-28 19:28:52] 获取 ETF 日线行情：518800.SH...
[2026-03-28 19:28:52]   ✅ 获取 297条记录
[2026-03-28 19:28:52] 获取 ETF 日线行情：518850.SH...
[2026-03-28 19:28:52]   ✅ 获取 297条记录
[2026-03-28 19:28:52] 获取 ETF 日线行情：518860.SH...
[2026-03-28 19:28:52]   ✅ 获取 297条记录
[2026-03-28 19:28:52] 获取 ETF 日线行情：518880.SH...
[2026-03-28 19:28:52]   ✅ 获取 297条记录
[2026-03-28 19:28:52] 获取 ETF 日线行情：518890.SH...
[2026-03-28 19:28:52]   ✅ 获取 297条记录
[2026-03-28 19:28:52] ✅ 加载完成：608只 ETF

======================================================================
计算 7 大因子...
======================================================================
[2026-03-28 19:28:52] 1. 估值因子...
[2026-03-28 19:28:52] 计算估值因子（真实数据，Z-Score 标准化）...
[2026-03-28 19:28:58] ⚠️ 获取 ETF 基础信息失败：抱歉，您每分钟最多访问该接口200次，权限的具体详情访问：https://tushare.pro/document/1?doc_id=108。
[2026-03-28 19:28:58] 2. 动量因子（真实历史数据）...
[2026-03-28 19:28:58] 计算动量因子...
[2026-03-28 19:28:58] 3. 波动因子（真实历史数据）...
[2026-03-28 19:28:58] 计算波动因子...
[2026-03-28 19:28:58] 4. 技术因子...
[2026-03-28 19:28:58] 计算技术因子（真实数据）...
[2026-03-28 19:29:46] ⚠️ 获取基金技术因子失败：抱歉，您每分钟最多访问该接口500次，权限的具体详情访问：https://tushare.pro/document/1?doc_id=108。
[2026-03-28 19:29:46] 5. 资金因子...
[2026-03-28 19:29:46] 计算资金因子（真实数据，Z-Score 标准化）...
[2026-03-28 19:31:06] 6. 流动性因子...
[2026-03-28 19:31:06] 计算流动性因子...
[2026-03-28 19:31:06] 7. ETF 特有因子...
[2026-03-28 19:31:06] 计算 ETF 特有因子...
[2026-03-28 19:31:06] 
计算综合评分...
[2026-03-28 19:31:06] 计算综合评分（市场状态：sideways，包含 7 大因子）...
[2026-03-28 19:31:06] 使用动态权重（市场状态：sideways）: {'valuation': 0.25, 'momentum': 0.25, 'volatility': 0.2, 'technical': 0.2, 'fund_flow': 0.1}
[2026-03-28 19:31:06] 行业中性化处理...

======================================================================
Top 30 ETF
======================================================================
排名   代码       名称           行业       综合       动量       波动      
======================================================================
1    159516   未知           其他       0.952    0.500    0.500
2    510980   未知           其他       0.914    0.500    0.500
3    510320   未知           其他       0.892    0.500    0.500
4    159611   未知           其他       0.878    0.500    0.500
5    159172   未知           其他       0.878    0.500    0.500
6    512090   未知           其他       0.875    0.500    0.500
7    517400   未知           其他       0.859    0.500    0.500
8    159359   未知           其他       0.858    0.500    0.500
9    513050   未知           宽基       0.856    0.500    0.500
10   159300   未知           宽基       0.856    0.500    0.500
11   516510   未知           其他       0.851    0.500    0.500
12   159636   未知           其他       0.849    0.500    0.500
13   510050   未知           宽基       0.845    0.500    0.500
14   159583   未知           其他       0.844    0.500    0.500
15   159840   未知           其他       0.836    0.500    0.500
16   159386   未知           其他       0.835    0.500    0.500
17   513180   未知           宽基       0.813    0.500    0.500
18   159570   未知           其他       0.796    0.500    0.500
19   515650   未知           宽基       0.796    0.500    0.500
20   516780   未知           其他       0.793    0.500    0.500
21   159635   未知           其他       0.792    0.500    0.500
22   159237   未知           其他       0.787    0.500    0.500
23   159281   未知           其他       0.781    0.500    0.500
24   517380   未知           其他       0.781    0.500    0.500
25   159659   未知           其他       0.781    0.500    0.500
26   159148   未知           其他       0.776    0.500    0.500
27   159739   未知           其他       0.775    0.500    0.500
28   510950   未知           宽基       0.773    0.500    0.500
29   159350   未知           宽基       0.771    0.500    0.500
30   513040   未知           其他       0.770    0.500    0.500

======================================================================
分数分布统计
======================================================================
综合评分：min=0.124, max=0.952, 分差=0.829
综合评分：均值=0.500, 标准差=0.167

动量因子：min=0.500, max=0.500, 分差=0.000
动量因子：均值=0.500, 标准差=0.000

波动因子：min=0.500, max=0.500, 分差=0.000
波动因子：均值=0.500, 标准差=0.000

✅ 结果已保存：/home/admin/openclaw/workspace/全市场 ETF 筛选结果_v5_修复版.json

======================================================================
✅ 修复版筛选完成！
======================================================================
