======================================================================
全市场 ETF 多因子筛选 v5.0（改进版）
时间：2026-03-28 16:43:39
======================================================================
[2026-03-28 16:43:39] 加载全市场 ETF 池...
[2026-03-28 16:43:39] 加载 608只 ETF
[2026-03-28 16:43:39] ======================================================================
[2026-03-28 16:43:39] 全市场 ETF 多因子筛选 v5.0（真实数据）
[2026-03-28 16:43:39] 时间：2026-03-28 16:43:39
[2026-03-28 16:43:39] 数据源：Tushare Pro（真实估值 + 技术因子）
[2026-03-28 16:43:39] ======================================================================
[2026-03-28 16:43:39] 
1. 构建行业映射...
[2026-03-28 16:43:39] 
2. 计算因子评分（真实 Tushare 数据）...
[2026-03-28 16:43:39]   2.1 估值因子（真实 PE/PB/股息率）...
[2026-03-28 16:43:39] 计算估值因子（真实数据，Z-Score 标准化）...
[2026-03-28 16:43:45] ⚠️ 获取 ETF 基础信息失败：抱歉，您每分钟最多访问该接口200次，权限的具体详情访问：https://tushare.pro/document/1?doc_id=108。
[2026-03-28 16:43:45] ⚠️ 估值因子计算失败：name 'zscore_normalize' is not defined
[2026-03-28 16:43:45]   2.2 动量因子...
[2026-03-28 16:43:45] 计算动量因子...
[2026-03-28 16:43:45]   2.3 波动因子...
[2026-03-28 16:43:45] 计算波动因子...
[2026-03-28 16:43:45]   2.4 技术因子（真实 RSI/MACD/KDJ）...
[2026-03-28 16:43:45] 计算技术因子（真实数据）...
[2026-03-28 16:44:36] ⚠️ 获取基金技术因子失败：抱歉，您每分钟最多访问该接口500次，权限的具体详情访问：https://tushare.pro/document/1?doc_id=108。
[2026-03-28 16:44:36]   2.5 资金因子（真实份额变化）...
[2026-03-28 16:44:36] 计算资金因子（真实数据，Z-Score 标准化）...
[2026-03-28 16:46:00] ⚠️ 资金因子计算失败：name 'zscore_normalize' is not defined
[2026-03-28 16:46:00]   2.6 流动性因子...
[2026-03-28 16:46:00] 计算流动性因子...
[2026-03-28 16:46:00]   2.7 ETF 特有因子（真实溢价率/费率/规模）...
[2026-03-28 16:46:00] 计算 ETF 特有因子...
[2026-03-28 16:46:00] 
3. 流动性过滤...
[2026-03-28 16:46:00] 流动性过滤后：608只 ETF
[2026-03-28 16:46:00] 
4. 识别市场状态...
[2026-03-28 16:46:00]   市场状态：sideways
[2026-03-28 16:46:00] 
5. 计算综合评分（7 大因子 + 行业中性化）...
[2026-03-28 16:46:00] 计算综合评分（市场状态：sideways，包含 7 大因子）...
[2026-03-28 16:46:00] 使用动态权重（市场状态：sideways）: {'valuation': 0.25, 'momentum': 0.25, 'volatility': 0.2, 'technical': 0.2, 'fund_flow': 0.1}
[2026-03-28 16:46:00] 行业中性化处理...
[2026-03-28 16:46:00] ⚠️ 行业中性化失败：No module named 'sklearn'
[2026-03-28 16:46:00] 
6. 选择 Top ETF...
[2026-03-28 16:46:00] 
7. 生成结果...
[2026-03-28 16:46:00] 
8. 保存结果到 /home/admin/openclaw/workspace/全市场 ETF 筛选结果_v5.json...
[2026-03-28 16:46:00] ✅ 筛选完成！结果已保存到 /home/admin/openclaw/workspace/全市场 ETF 筛选结果_v5.json

======================================================================
全市场 ETF 筛选结果 v5.0（改进版）
======================================================================

筛选时间：2026-03-28T16:46:00.128947
ETF 总数：608只
流动性过滤后：608只
市场状态：sideways
Top N: 30

======================================================================
Top 30 ETF
======================================================================
排名   代码       行业       综合       估值       动量       流动性     
======================================================================
1    159736   其他       0.675    0.500    0.500    0.714
2    159531   其他       0.674    0.500    0.500    0.576
3    515300   其他       0.673    0.500    0.500    0.709
4    515800   其他       0.673    0.500    0.500    0.672
5    510360   其他       0.671    0.500    0.500    0.630
6    159697   其他       0.670    0.500    0.500    0.591
7    513260   其他       0.669    0.500    0.500    0.606
8    159982   其他       0.668    0.500    0.500    0.694
9    518600   其他       0.668    0.500    0.500    0.694
10   159997   其他       0.668    0.500    0.500    0.501
11   159105   其他       0.667    0.500    0.500    0.534
12   515070   其他       0.667    0.500    0.500    0.674
13   517380   其他       0.665    0.500    0.500    0.679
14   510950   其他       0.664    0.500    0.500    0.660
15   159993   其他       0.664    0.500    0.500    0.718
16   159591   其他       0.663    0.500    0.500    0.651
17   159607   其他       0.663    0.500    0.500    0.655
18   159647   其他       0.663    0.500    0.500    0.693
19   159301   其他       0.662    0.500    0.500    0.611
20   516080   其他       0.662    0.500    0.500    0.716
21   159840   其他       0.662    0.500    0.500    0.574
22   159638   其他       0.661    0.500    0.500    0.698
23   513990   其他       0.660    0.500    0.500    0.683
24   159711   其他       0.660    0.500    0.500    0.685
25   159593   其他       0.660    0.500    0.500    0.587
26   159805   其他       0.659    0.500    0.500    0.511
27   512630   其他       0.659    0.500    0.500    0.374
28   159567   其他       0.658    0.500    0.500    0.683
29   515260   科技       0.657    0.500    0.500    0.587
30   159217   其他       0.657    0.500    0.500    0.625
======================================================================

行业分布:
  其他: 29只 (96.7%)
  科技: 1只 (3.3%)

✅ 全市场筛选完成！
📄 结果文件：/home/admin/openclaw/workspace/全市场 ETF 筛选结果_v5.json
