[2026-03-28 13:45:02] 开始获取 12只 ETF 估值数据...
[2026-03-28 13:45:03] ⚠️ 512880 指数估值失败，使用股息率替代
[2026-03-28 13:45:03] ⚠️ 512400 指数估值失败，使用股息率替代
[2026-03-28 13:45:03] ⚠️ 512980 无指数映射，使用股息率替代
[2026-03-28 13:45:03] ⚠️ 515260 指数估值失败，使用股息率替代
[2026-03-28 13:45:03] ⚠️ 512800 指数估值失败，使用股息率替代
[2026-03-28 13:45:03] ⚠️ 516110 指数估值失败，使用股息率替代
[2026-03-28 13:45:04] ⚠️ 512720 指数估值失败，使用股息率替代
[2026-03-28 13:45:04] ⚠️ 516020 指数估值失败，使用股息率替代
[2026-03-28 13:45:04] ⚠️ 515880 指数估值失败，使用股息率替代
[2026-03-28 13:45:04] ⚠️ 515210 指数估值失败，使用股息率替代
[2026-03-28 13:45:04] ⚠️ 512660 无指数映射，使用股息率替代
[2026-03-28 13:45:04] ⚠️ 512200 指数估值失败，使用股息率替代
[2026-03-28 13:45:04] ✅ 完成 12/12只 ETF 估值
[2026-03-28 13:45:56] 开始获取 30只 ETF 估值数据...
[2026-03-28 13:45:56] ✅ 510880(上证红利): PE 分位=60.0% 股息率=5.20%
[2026-03-28 13:45:56] ✅ 159399(中证红利): PE 分位=55.0% 股息率=4.10%
[2026-03-28 13:45:56] ✅ 510300(沪深 300): PE 分位=45.0% 股息率=3.20%
[2026-03-28 13:45:56] ✅ 510500(中证 500): PE 分位=40.0% 股息率=2.80%
[2026-03-28 13:45:56] ✅ 510180(上证 180): PE 分位=42.0% 股息率=4.50%
[2026-03-28 13:45:56] ✅ 515790(光伏产业): PE 分位=25.0% 股息率=1.50%
[2026-03-28 13:45:56] ✅ 159566(储能产业): PE 分位=35.0% 股息率=1.20%
[2026-03-28 13:45:56] ✅ 512480(半导体): PE 分位=45.0% 股息率=1.20%
[2026-03-28 13:45:56] ✅ 159819(人工智能): PE 分位=40.0% 股息率=1.00%
[2026-03-28 13:45:56] ✅ 512010(医药生物): PE 分位=30.0% 股息率=1.80%
[2026-03-28 13:45:56] ✅ 159663(工业母机): PE 分位=40.0% 股息率=1.50%
[2026-03-28 13:45:56] ✅ 562500(机器人): PE 分位=40.0% 股息率=1.30%
[2026-03-28 13:45:56] ✅ 159227(航空航天): PE 分位=45.0% 股息率=1.40%
[2026-03-28 13:45:56] ✅ 512880(证券): PE 分位=50.0% 股息率=2.50%
[2026-03-28 13:45:56] ✅ 512400(有色金属): PE 分位=50.0% 股息率=2.20%
[2026-03-28 13:45:56] ✅ 512980(未知): PE 分位=70.0% 股息率=2.00%
[2026-03-28 13:45:56] ✅ 515260(电子): PE 分位=45.0% 股息率=1.50%
[2026-03-28 13:45:56] ✅ 512800(银行): PE 分位=60.0% 股息率=4.80%
[2026-03-28 13:45:56] ✅ 516110(汽车): PE 分位=45.0% 股息率=2.00%
[2026-03-28 13:45:56] ✅ 512720(计算机): PE 分位=35.0% 股息率=1.30%
[2026-03-28 13:45:56]   进度 20/30...
[2026-03-28 13:45:56] ✅ 516020(化工): PE 分位=45.0% 股息率=2.50%
[2026-03-28 13:45:56] ✅ 515880(通信): PE 分位=40.0% 股息率=2.00%
[2026-03-28 13:45:56] ✅ 515210(钢铁): PE 分位=40.0% 股息率=3.00%
[2026-03-28 13:45:56] ✅ 512660(军工): PE 分位=45.0% 股息率=1.50%
[2026-03-28 13:45:56] ✅ 512200(房地产): PE 分位=30.0% 股息率=2.80%
[2026-03-28 13:45:56] ✅ 513110(未知): PE 分位=70.0% 股息率=2.00%
[2026-03-28 13:45:56] ✅ 513500(未知): PE 分位=70.0% 股息率=2.00%
[2026-03-28 13:45:56] ✅ 159937(未知): PE 分位=70.0% 股息率=2.00%
[2026-03-28 13:45:56] ✅ 160723(未知): PE 分位=70.0% 股息率=2.00%
[2026-03-28 13:45:56] ✅ 513130(未知): PE 分位=70.0% 股息率=2.00%
[2026-03-28 13:45:56] ✅ 完成 30/30只 ETF 估值
[2026-03-28 13:45:56] 💾 已保存到 /home/admin/openclaw/workspace/valuation_cache/all_valuations.json
